TN:
SF:src/js/utils/ImageManager.js
FN:16,(anonymous_0)
FN:47,(anonymous_1)
FN:101,(anonymous_2)
FN:144,(anonymous_3)
FN:145,(anonymous_4)
FN:170,(anonymous_5)
FN:178,(anonymous_6)
FN:190,(anonymous_7)
FN:204,(anonymous_8)
FN:205,(anonymous_9)
FN:217,(anonymous_10)
FN:223,(anonymous_11)
FN:231,(anonymous_12)
FN:243,(anonymous_13)
FN:283,(anonymous_14)
FN:324,(anonymous_15)
FN:355,(anonymous_16)
FN:373,(anonymous_17)
FN:392,(anonymous_18)
FN:408,(anonymous_19)
FN:439,(anonymous_20)
FN:464,(anonymous_21)
FN:465,(anonymous_22)
FN:468,(anonymous_23)
FN:475,(anonymous_24)
FN:487,(anonymous_25)
FN:497,(anonymous_26)
FN:510,(anonymous_27)
FN:523,(anonymous_28)
FN:529,(anonymous_29)
FN:541,(anonymous_30)
FN:543,(anonymous_31)
FNF:32
FNH:19
FNDA:13,(anonymous_0)
FNDA:1,(anonymous_1)
FNDA:1,(anonymous_2)
FNDA:1,(anonymous_3)
FNDA:1,(anonymous_4)
FNDA:0,(anonymous_5)
FNDA:1,(anonymous_6)
FNDA:0,(anonymous_7)
FNDA:0,(anonymous_8)
FNDA:0,(anonymous_9)
FNDA:0,(anonymous_10)
FNDA:0,(anonymous_11)
FNDA:0,(anonymous_12)
FNDA:2,(anonymous_13)
FNDA:1,(anonymous_14)
FNDA:1,(anonymous_15)
FNDA:1,(anonymous_16)
FNDA:1,(anonymous_17)
FNDA:2,(anonymous_18)
FNDA:1,(anonymous_19)
FNDA:3,(anonymous_20)
FNDA:0,(anonymous_21)
FNDA:0,(anonymous_22)
FNDA:0,(anonymous_23)
FNDA:0,(anonymous_24)
FNDA:3,(anonymous_25)
FNDA:6,(anonymous_26)
FNDA:1,(anonymous_27)
FNDA:1,(anonymous_28)
FNDA:0,(anonymous_29)
FNDA:1,(anonymous_30)
FNDA:0,(anonymous_31)
DA:17,13
DA:20,13
DA:21,13
DA:22,13
DA:25,13
DA:26,13
DA:27,13
DA:30,13
DA:31,13
DA:34,13
DA:35,13
DA:36,13
DA:48,1
DA:49,1
DA:52,1
DA:53,0
DA:54,0
DA:56,0
DA:57,0
DA:60,0
DA:64,1
DA:65,0
DA:66,0
DA:70,1
DA:71,1
DA:73,1
DA:74,1
DA:76,1
DA:77,0
DA:80,1
DA:82,1
DA:86,0
DA:89,0
DA:90,0
DA:93,0
DA:102,1
DA:104,1
DA:106,1
DA:107,0
DA:110,1
DA:113,1
DA:114,1
DA:115,0
DA:116,0
DA:117,0
DA:118,0
DA:122,1
DA:125,1
DA:126,1
DA:128,1
DA:129,1
DA:132,0
DA:133,0
DA:134,0
DA:136,1
DA:145,1
DA:148,1
DA:149,0
DA:150,0
DA:151,0
DA:152,0
DA:153,0
DA:155,0
DA:157,0
DA:158,0
DA:159,0
DA:164,1
DA:167,1
DA:170,1
DA:171,0
DA:174,0
DA:175,0
DA:178,1
DA:179,1
DA:182,1
DA:183,1
DA:187,1
DA:190,1
DA:191,0
DA:192,0
DA:193,0
DA:194,0
DA:205,0
DA:206,0
DA:207,0
DA:209,0
DA:215,0
DA:217,0
DA:218,0
DA:219,0
DA:220,0
DA:223,0
DA:224,0
DA:225,0
DA:228,0
DA:231,0
DA:232,0
DA:233,0
DA:244,2
DA:245,2
DA:246,2
DA:247,2
DA:250,2
DA:251,2
DA:254,2
DA:255,2
DA:256,2
DA:259,2
DA:260,2
DA:261,2
DA:262,2
DA:263,2
DA:266,2
DA:267,2
DA:270,2
DA:271,2
DA:272,2
DA:273,2
DA:274,2
DA:276,2
DA:285,1
DA:286,1
DA:289,1
DA:290,1
DA:292,1
DA:294,0
DA:297,1
DA:301,1
DA:302,1
DA:305,1
DA:308,1
DA:309,1
DA:312,1
DA:313,1
DA:314,1
DA:315,1
DA:316,1
DA:318,1
DA:326,1
DA:329,1
DA:330,1
DA:331,1
DA:332,1
DA:333,1
DA:336,1
DA:337,1
DA:338,1
DA:339,1
DA:342,1
DA:343,1
DA:344,1
DA:345,1
DA:346,1
DA:348,1
DA:349,1
DA:356,1
DA:358,1
DA:359,1
DA:360,1
DA:367,1
DA:374,1
DA:376,1
DA:377,1
DA:378,1
DA:385,1
DA:394,2
DA:395,0
DA:396,0
DA:397,0
DA:400,2
DA:401,2
DA:409,1
DA:411,1
DA:412,1
DA:413,1
DA:414,1
DA:415,1
DA:417,1
DA:420,1
DA:426,1
DA:427,1
DA:430,0
DA:440,3
DA:441,3
DA:442,3
DA:444,1
DA:447,1
DA:448,0
DA:449,0
DA:452,1
DA:455,0
DA:456,0
DA:465,0
DA:466,0
DA:468,0
DA:469,0
DA:470,0
DA:471,0
DA:472,0
DA:475,0
DA:476,0
DA:479,0
DA:488,3
DA:489,3
DA:490,3
DA:498,6
DA:499,6
DA:500,107
DA:501,107
DA:502,107
DA:504,6
DA:511,1
DA:512,1
DA:513,1
DA:515,0
DA:524,1
DA:525,1
DA:528,1
DA:529,1
DA:530,0
DA:531,0
DA:535,1
DA:542,1
DA:543,0
DA:545,1
LF:225
LH:150
BRDA:47,0,0,0
BRDA:47,1,0,1
BRDA:52,2,0,0
BRDA:52,2,1,1
BRDA:56,3,0,0
BRDA:56,3,1,0
BRDA:64,4,0,0
BRDA:64,4,1,1
BRDA:76,5,0,0
BRDA:76,5,1,1
BRDA:89,6,0,0
BRDA:89,6,1,0
BRDA:106,7,0,0
BRDA:106,7,1,1
BRDA:114,8,0,0
BRDA:114,8,1,1
BRDA:148,9,0,0
BRDA:148,9,1,1
BRDA:148,10,0,1
BRDA:148,10,1,1
BRDA:191,11,0,0
BRDA:191,11,1,0
BRDA:207,12,0,0
BRDA:207,12,1,0
BRDA:232,13,0,0
BRDA:232,13,1,0
BRDA:292,14,0,0
BRDA:292,14,1,1
BRDA:355,15,0,0
BRDA:394,16,0,0
BRDA:394,16,1,2
BRDA:442,17,0,2
BRDA:442,17,1,1
BRDA:447,18,0,0
BRDA:447,18,1,1
BRDA:510,19,0,1
BRDA:530,20,0,0
BRDA:530,20,1,0
BRF:38
BRH:15
end_of_record
