TN:
SF:src/js/app.js
FN:28,YGORipperApp
FN:63,initialize
FN:76,_performInitialization
FN:154,safeLoadSettings
FN:169,safeInitializeStorage
FN:191,safeInitializeUI
FN:211,safeInitializePermissions
FN:226,safeInitializeVoice
FN:244,safeInitializeSession
FN:269,safeInitializePriceChecker
FN:284,safeSetupEventHandlers
FN:300,safeLoadInitialData
FN:320,handleVoiceResult
FN:379,processVoiceQueue
FN:390,safeProcessVoiceInput
FN:409,safeHandleAutoConfirm
FN:456,safeAddCard
FN:504,safeAutoSave
FN:516,handlePriceCheck
FN:554,handleVoiceError
FN:575,createVoiceErrorInfo
FN:629,showVoiceErrorRecovery
FN:649,showPriceCheckError
FN:682,offerManualCardInput
FN:693,showToast
FN:705,initializeFallbackStorage
FN:712,get
FN:713,set
FN:714,remove
FN:715,clear
FN:716,initialize
FN:723,createMinimalUI
FN:741,setupMinimalEventHandlers
FN:753,loadEssentialData
FN:767,getDefaultSettings
FN:789,basicCardNameSearch
FN:800,getInstance
FN:807,getInfo
FN:825,loadSettings
FN:867,saveSettings
FN:880,loadInitialData
FN:910,setupEventHandlers
FN:1037,handleSessionStart
FN:1061,handleSessionStop
FN:1083,handleSessionClear
FN:1100,handleSessionExport
FN:1116,showExportFormatDialog
FN:1125,performSessionExport
FN:1152,handleSessionImport
FN:1188,handleVoiceStart
FN:1210,handleVoiceStop
FN:1225,handleVoiceTest
FN:1245,handleQuantityAdjust
FN:1264,handleCardRemove
FN:1283,handlePricingRefresh
FN:1311,handleBulkPricingRefresh
FN:1352,handleSettingsSave
FN:1388,handleSettingsShow
FN:1395,showCardSelectionDialog
FN:1416,handlePackRipperTabActivated
FN:1430,handleSetsLoaded
FN:1438,handleSetsFiltered
FN:1446,handleAppClose
FN:1471,updateLoadingProgress
FN:1490,showApp
FN:1509,showInitializationError
FNF:66
FNH:45
FNDA:123,YGORipperApp
FNDA:24,initialize
FNDA:23,_performInitialization
FNDA:24,safeLoadSettings
FNDA:24,safeInitializeStorage
FNDA:24,safeInitializeUI
FNDA:24,safeInitializePermissions
FNDA:24,safeInitializeVoice
FNDA:24,safeInitializeSession
FNDA:24,safeInitializePriceChecker
FNDA:24,safeSetupEventHandlers
FNDA:24,safeLoadInitialData
FNDA:1,handleVoiceResult
FNDA:1,processVoiceQueue
FNDA:2,safeProcessVoiceInput
FNDA:0,safeHandleAutoConfirm
FNDA:4,safeAddCard
FNDA:0,safeAutoSave
FNDA:4,handlePriceCheck
FNDA:5,handleVoiceError
FNDA:8,createVoiceErrorInfo
FNDA:8,showVoiceErrorRecovery
FNDA:3,showPriceCheckError
FNDA:1,offerManualCardInput
FNDA:49,showToast
FNDA:4,initializeFallbackStorage
FNDA:0,get
FNDA:0,set
FNDA:0,remove
FNDA:0,clear
FNDA:0,initialize
FNDA:5,createMinimalUI
FNDA:4,setupMinimalEventHandlers
FNDA:25,loadEssentialData
FNDA:6,getDefaultSettings
FNDA:2,basicCardNameSearch
FNDA:0,getInstance
FNDA:2,getInfo
FNDA:25,loadSettings
FNDA:3,saveSettings
FNDA:23,loadInitialData
FNDA:23,setupEventHandlers
FNDA:2,handleSessionStart
FNDA:2,handleSessionStop
FNDA:0,handleSessionClear
FNDA:0,handleSessionExport
FNDA:0,showExportFormatDialog
FNDA:0,performSessionExport
FNDA:0,handleSessionImport
FNDA:0,handleVoiceStart
FNDA:0,handleVoiceStop
FNDA:0,handleVoiceTest
FNDA:0,handleQuantityAdjust
FNDA:0,handleCardRemove
FNDA:0,handlePricingRefresh
FNDA:0,handleBulkPricingRefresh
FNDA:2,handleSettingsSave
FNDA:0,handleSettingsShow
FNDA:2,showCardSelectionDialog
FNDA:6,handlePackRipperTabActivated
FNDA:14,handleSetsLoaded
FNDA:1,handleSetsFiltered
FNDA:2,handleAppClose
FNDA:233,updateLoadingProgress
FNDA:26,showApp
FNDA:21,showInitializationError
DA:1,1
DA:2,1
DA:3,1
DA:4,1
DA:5,1
DA:6,1
DA:7,1
DA:8,1
DA:9,1
DA:10,1
DA:11,1
DA:12,1
DA:14,1
DA:15,1
DA:16,1
DA:17,1
DA:18,1
DA:19,1
DA:20,1
DA:21,1
DA:23,1
DA:24,1
DA:25,1
DA:26,1
DA:27,1
DA:28,1
DA:29,123
DA:30,123
DA:31,123
DA:32,123
DA:33,123
DA:34,123
DA:35,123
DA:36,123
DA:37,123
DA:38,123
DA:39,123
DA:40,123
DA:41,123
DA:42,123
DA:43,123
DA:44,123
DA:45,123
DA:46,123
DA:47,123
DA:48,123
DA:49,123
DA:50,123
DA:51,123
DA:52,123
DA:53,123
DA:54,123
DA:55,123
DA:56,4
DA:57,4
DA:58,123
DA:60,1
DA:61,1
DA:62,1
DA:63,1
DA:64,24
DA:65,1
DA:66,1
DA:68,23
DA:69,23
DA:70,24
DA:72,1
DA:73,1
DA:74,1
DA:75,1
DA:76,1
DA:77,23
DA:78,23
DA:79,23
DA:80,23
DA:81,23
DA:82,0
DA:83,0
DA:84,23
DA:85,23
DA:86,23
DA:87,23
DA:88,23
DA:89,23
DA:90,23
DA:91,23
DA:92,23
DA:93,23
DA:94,23
DA:95,23
DA:96,23
DA:97,23
DA:98,23
DA:99,23
DA:100,23
DA:101,23
DA:102,23
DA:103,23
DA:104,23
DA:105,23
DA:106,23
DA:107,23
DA:108,23
DA:109,23
DA:110,23
DA:111,23
DA:112,23
DA:113,23
DA:114,23
DA:115,23
DA:116,23
DA:117,23
DA:118,23
DA:119,23
DA:120,23
DA:121,23
DA:122,23
DA:123,23
DA:124,23
DA:125,23
DA:126,23
DA:127,23
DA:128,23
DA:129,23
DA:130,23
DA:131,23
DA:132,23
DA:133,23
DA:134,23
DA:135,23
DA:136,23
DA:137,23
DA:138,23
DA:139,23
DA:140,23
DA:141,23
DA:142,23
DA:143,23
DA:144,23
DA:145,20
DA:146,20
DA:147,20
DA:148,20
DA:149,23
DA:151,1
DA:152,1
DA:153,1
DA:154,1
DA:155,24
DA:156,24
DA:157,24
DA:158,1
DA:159,1
DA:160,1
DA:161,1
DA:162,1
DA:163,1
DA:164,24
DA:166,1
DA:167,1
DA:168,1
DA:169,1
DA:170,24
DA:171,24
DA:172,24
DA:173,3
DA:174,3
DA:175,3
DA:176,3
DA:177,3
DA:178,3
DA:179,3
DA:180,3
DA:181,3
DA:182,0
DA:183,0
DA:184,3
DA:185,3
DA:186,24
DA:188,1
DA:189,1
DA:190,1
DA:191,1
DA:192,24
DA:193,24
DA:194,24
DA:195,3
DA:196,3
DA:197,3
DA:198,3
DA:199,3
DA:200,3
DA:201,3
DA:202,0
DA:203,0
DA:204,3
DA:205,3
DA:206,24
DA:208,1
DA:209,1
DA:210,1
DA:211,1
DA:212,24
DA:213,24
DA:214,24
DA:215,2
DA:216,2
DA:217,2
DA:218,2
DA:219,2
DA:220,2
DA:221,24
DA:223,1
DA:224,1
DA:225,1
DA:226,1
DA:227,24
DA:228,24
DA:229,3
DA:230,3
DA:231,24
DA:232,24
DA:233,1
DA:234,1
DA:235,1
DA:236,1
DA:237,1
DA:238,1
DA:239,24
DA:241,1
DA:242,1
DA:243,1
DA:244,1
DA:245,24
DA:246,24
DA:247,24
DA:248,1
DA:249,1
DA:250,1
DA:251,1
DA:252,1
DA:253,0
DA:254,1
DA:255,1
DA:256,1
DA:257,1
DA:258,0
DA:259,0
DA:260,1
DA:261,1
DA:262,1
DA:263,1
DA:264,24
DA:266,1
DA:267,1
DA:268,1
DA:269,1
DA:270,24
DA:271,24
DA:272,24
DA:273,1
DA:274,1
DA:275,1
DA:276,1
DA:277,1
DA:278,1
DA:279,24
DA:281,1
DA:282,1
DA:283,1
DA:284,1
DA:285,24
DA:286,24
DA:287,24
DA:288,2
DA:289,2
DA:290,2
DA:291,2
DA:292,2
DA:293,2
DA:294,2
DA:295,24
DA:297,1
DA:298,1
DA:299,1
DA:300,1
DA:301,24
DA:302,24
DA:303,24
DA:304,24
DA:305,24
DA:306,24
DA:307,24
DA:308,24
DA:309,24
DA:310,24
DA:311,0
DA:312,0
DA:313,0
DA:314,24
DA:315,24
DA:317,1
DA:318,1
DA:319,1
DA:320,1
DA:321,1
DA:322,1
DA:323,1
DA:324,1
DA:325,0
DA:326,0
DA:327,0
DA:328,0
DA:329,0
DA:330,0
DA:331,0
DA:332,0
DA:333,0
DA:334,0
DA:335,0
DA:336,0
DA:337,0
DA:338,0
DA:339,0
DA:340,0
DA:341,0
DA:342,0
DA:343,0
DA:344,0
DA:345,0
DA:346,0
DA:347,0
DA:348,0
DA:349,0
DA:350,0
DA:351,0
DA:352,0
DA:353,0
DA:354,0
DA:355,0
DA:356,0
DA:357,0
DA:358,0
DA:359,0
DA:360,0
DA:361,0
DA:362,0
DA:363,0
DA:364,0
DA:365,0
DA:366,0
DA:367,0
DA:368,1
DA:369,1
DA:370,1
DA:371,1
DA:372,1
DA:373,1
DA:374,1
DA:375,1
DA:376,1
DA:377,1
DA:378,1
DA:379,1
DA:380,1
DA:381,0
DA:382,0
DA:383,0
DA:384,0
DA:385,1
DA:387,1
DA:388,1
DA:389,1
DA:390,1
DA:391,2
DA:392,2
DA:393,2
DA:394,2
DA:395,2
DA:396,2
DA:397,2
DA:398,2
DA:399,2
DA:400,2
DA:401,2
DA:402,2
DA:403,2
DA:404,2
DA:406,1
DA:407,1
DA:408,1
DA:409,1
DA:410,0
DA:411,0
DA:412,0
DA:413,0
DA:414,0
DA:415,0
DA:416,0
DA:417,0
DA:418,0
DA:419,0
DA:420,0
DA:421,0
DA:422,0
DA:423,0
DA:424,0
DA:425,0
DA:426,0
DA:427,0
DA:428,0
DA:429,0
DA:430,0
DA:431,0
DA:432,0
DA:433,0
DA:434,0
DA:435,0
DA:436,0
DA:437,0
DA:438,0
DA:439,0
DA:440,0
DA:441,0
DA:442,0
DA:443,0
DA:444,0
DA:445,0
DA:446,0
DA:447,0
DA:448,0
DA:449,0
DA:450,0
DA:451,0
DA:453,1
DA:454,1
DA:455,1
DA:456,1
DA:457,4
DA:458,4
DA:459,4
DA:460,1
DA:461,1
DA:462,1
DA:463,4
DA:464,4
DA:465,4
DA:466,4
DA:467,4
DA:468,4
DA:469,4
DA:470,4
DA:471,4
DA:472,4
DA:473,4
DA:474,4
DA:475,4
DA:476,4
DA:477,4
DA:478,4
DA:479,4
DA:480,4
DA:481,4
DA:482,4
DA:483,4
DA:484,4
DA:485,4
DA:486,4
DA:487,4
DA:488,4
DA:489,1
DA:490,4
DA:491,4
DA:492,4
DA:493,4
DA:494,4
DA:495,4
DA:496,4
DA:497,4
DA:498,4
DA:499,4
DA:501,1
DA:502,1
DA:503,1
DA:504,1
DA:505,0
DA:506,0
DA:507,0
DA:508,0
DA:509,0
DA:510,0
DA:511,0
DA:513,1
DA:514,1
DA:515,1
DA:516,1
DA:517,4
DA:518,4
DA:519,0
DA:520,0
DA:521,0
DA:522,4
DA:523,4
DA:524,4
DA:525,4
DA:526,4
DA:527,4
DA:528,2
DA:529,2
DA:530,2
DA:531,2
DA:532,2
DA:533,2
DA:534,2
DA:535,2
DA:536,4
DA:537,0
DA:538,0
DA:539,4
DA:540,4
DA:541,2
DA:542,2
DA:543,2
DA:544,2
DA:545,2
DA:546,4
DA:547,4
DA:548,4
DA:549,4
DA:551,1
DA:552,1
DA:553,1
DA:554,1
DA:555,5
DA:556,5
DA:557,5
DA:558,5
DA:559,5
DA:560,5
DA:561,5
DA:562,5
DA:563,5
DA:564,5
DA:565,5
DA:566,5
DA:567,5
DA:568,5
DA:569,5
DA:570,5
DA:572,1
DA:573,1
DA:574,1
DA:575,1
DA:576,8
DA:577,8
DA:578,8
DA:579,8
DA:580,8
DA:581,8
DA:582,8
DA:583,1
DA:584,1
DA:585,1
DA:586,1
DA:587,1
DA:588,1
DA:589,1
DA:590,8
DA:591,8
DA:592,2
DA:593,2
DA:594,2
DA:595,2
DA:596,2
DA:597,2
DA:598,8
DA:599,8
DA:600,2
DA:601,2
DA:602,2
DA:603,2
DA:604,2
DA:605,2
DA:606,8
DA:607,8
DA:608,2
DA:609,2
DA:610,2
DA:611,2
DA:612,2
DA:613,2
DA:614,8
DA:615,8
DA:616,1
DA:617,1
DA:618,1
DA:619,1
DA:620,1
DA:621,8
DA:622,8
DA:623,8
DA:624,8
DA:626,1
DA:627,1
DA:628,1
DA:629,1
DA:630,8
DA:631,2
DA:632,2
DA:633,2
DA:634,2
DA:635,2
DA:636,8
DA:637,8
DA:638,8
DA:639,8
DA:640,8
DA:641,8
DA:642,3
DA:643,3
DA:644,8
DA:646,1
DA:647,1
DA:648,1
DA:649,1
DA:650,3
DA:651,3
DA:652,3
DA:653,3
DA:654,0
DA:655,0
DA:656,0
DA:657,0
DA:658,0
DA:659,3
DA:660,1
DA:661,1
DA:662,1
DA:663,1
DA:664,1
DA:665,2
DA:666,2
DA:667,2
DA:668,2
DA:669,2
DA:670,2
DA:671,2
DA:672,3
DA:673,3
DA:674,3
DA:675,3
DA:676,3
DA:677,3
DA:679,1
DA:680,1
DA:681,1
DA:682,1
DA:683,1
DA:684,1
DA:685,1
DA:686,1
DA:687,1
DA:688,1
DA:690,1
DA:691,1
DA:692,1
DA:693,1
DA:694,49
DA:695,49
DA:696,49
DA:697,0
DA:698,0
DA:699,0
DA:700,49
DA:702,1
DA:703,1
DA:704,1
DA:705,1
DA:706,4
DA:707,4
DA:708,4
DA:709,4
DA:710,4
DA:711,4
DA:712,4
DA:713,4
DA:714,4
DA:715,4
DA:716,4
DA:717,4
DA:718,4
DA:720,1
DA:721,1
DA:722,1
DA:723,1
DA:724,5
DA:725,5
DA:726,5
DA:727,5
DA:728,5
DA:729,5
DA:730,5
DA:731,5
DA:732,5
DA:733,5
DA:734,5
DA:735,5
DA:736,5
DA:738,1
DA:739,1
DA:740,1
DA:741,1
DA:742,4
DA:743,4
DA:744,4
DA:745,4
DA:746,0
DA:747,4
DA:748,4
DA:750,1
DA:751,1
DA:752,1
DA:753,1
DA:754,25
DA:755,25
DA:756,25
DA:757,25
DA:758,25
DA:759,25
DA:760,1
DA:761,1
DA:762,25
DA:764,1
DA:765,1
DA:766,1
DA:767,1
DA:768,6
DA:769,6
DA:770,6
DA:771,6
DA:772,6
DA:773,6
DA:774,6
DA:775,6
DA:776,6
DA:777,6
DA:778,6
DA:779,6
DA:780,6
DA:781,6
DA:782,6
DA:783,6
DA:784,6
DA:786,1
DA:787,1
DA:788,1
DA:789,1
DA:790,2
DA:791,2
DA:792,2
DA:793,2
DA:794,2
DA:795,2
DA:797,1
DA:798,1
DA:799,1
DA:800,1
DA:801,0
DA:802,0
DA:804,1
DA:805,1
DA:806,1
DA:807,1
DA:808,2
DA:809,2
DA:810,2
DA:811,2
DA:812,2
DA:813,2
DA:814,2
DA:815,2
DA:816,2
DA:817,2
DA:818,2
DA:819,2
DA:820,2
DA:822,1
DA:823,1
DA:824,1
DA:825,1
DA:826,25
DA:827,25
DA:828,24
DA:829,24
DA:830,24
DA:831,24
DA:832,24
DA:833,24
DA:834,24
DA:835,24
DA:836,24
DA:837,24
DA:838,24
DA:839,24
DA:840,24
DA:841,24
DA:842,24
DA:843,24
DA:844,24
DA:845,24
DA:846,24
DA:847,24
DA:848,24
DA:849,24
DA:850,24
DA:851,24
DA:852,25
DA:853,25
DA:854,3
DA:855,3
DA:856,3
DA:857,3
DA:858,3
DA:859,3
DA:860,3
DA:861,3
DA:862,25
DA:864,1
DA:865,1
DA:866,1
DA:867,1
DA:868,3
DA:869,3
DA:870,1
DA:871,2
DA:872,2
DA:873,2
DA:874,2
DA:875,3
DA:877,1
DA:878,1
DA:879,1
DA:880,1
DA:881,23
DA:882,23
DA:883,23
DA:884,23
DA:885,23
DA:886,23
DA:887,23
DA:888,3
DA:889,3
DA:890,0
DA:891,0
DA:892,0
DA:893,0
DA:894,0
DA:895,0
DA:896,0
DA:897,0
DA:898,0
DA:899,0
DA:900,0
DA:901,23
DA:902,23
DA:903,23
DA:904,23
DA:905,23
DA:907,1
DA:908,1
DA:909,1
DA:910,1
DA:911,23
DA:912,23
DA:913,0
DA:914,0
DA:915,0
DA:916,0
DA:917,0
DA:918,0
DA:919,0
DA:920,23
DA:921,23
DA:922,23
DA:923,23
DA:924,0
DA:925,0
DA:926,0
DA:927,0
DA:928,0
DA:929,0
DA:930,23
DA:932,23
DA:933,23
DA:934,6
DA:935,23
DA:937,23
DA:938,0
DA:939,23
DA:941,23
DA:942,23
DA:943,0
DA:944,23
DA:946,23
DA:947,23
DA:948,0
DA:949,23
DA:951,23
DA:952,0
DA:953,23
DA:955,23
DA:956,0
DA:957,23
DA:959,23
DA:960,0
DA:961,23
DA:963,23
DA:964,0
DA:965,23
DA:967,23
DA:968,23
DA:969,0
DA:970,23
DA:972,23
DA:973,0
DA:974,23
DA:976,23
DA:977,0
DA:978,23
DA:980,23
DA:981,0
DA:982,23
DA:984,23
DA:985,0
DA:986,23
DA:988,23
DA:989,0
DA:990,23
DA:992,23
DA:993,0
DA:994,23
DA:996,23
DA:997,0
DA:998,23
DA:1000,23
DA:1001,0
DA:1002,23
DA:1004,23
DA:1005,23
DA:1006,6
DA:1007,23
DA:1009,23
DA:1010,0
DA:1011,23
DA:1013,23
DA:1014,23
DA:1015,22
DA:1016,0
DA:1017,22
DA:1019,22
DA:1020,0
DA:1021,22
DA:1023,22
DA:1024,0
DA:1025,22
DA:1026,22
DA:1028,22
DA:1029,22
DA:1030,0
DA:1031,22
DA:1032,23
DA:1034,1
DA:1035,1
DA:1036,1
DA:1037,1
DA:1038,2
DA:1039,2
DA:1040,2
DA:1041,2
DA:1042,2
DA:1043,2
DA:1044,2
DA:1045,2
DA:1046,2
DA:1047,2
DA:1048,1
DA:1049,2
DA:1050,2
DA:1051,2
DA:1052,2
DA:1053,0
DA:1054,0
DA:1055,0
DA:1056,2
DA:1058,1
DA:1059,1
DA:1060,1
DA:1061,1
DA:1062,2
DA:1063,2
DA:1064,2
DA:1065,2
DA:1066,2
DA:1067,1
DA:1068,1
DA:1069,2
DA:1070,2
DA:1071,2
DA:1072,2
DA:1073,2
DA:1074,2
DA:1075,0
DA:1076,0
DA:1077,0
DA:1078,2
DA:1080,1
DA:1081,1
DA:1082,1
DA:1083,1
DA:1084,0
DA:1085,0
DA:1086,0
DA:1087,0
DA:1088,0
DA:1089,0
DA:1090,0
DA:1091,0
DA:1092,0
DA:1093,0
DA:1094,0
DA:1095,0
DA:1097,1
DA:1098,1
DA:1099,1
DA:1100,1
DA:1101,0
DA:1102,0
DA:1103,0
DA:1104,0
DA:1105,0
DA:1106,0
DA:1107,0
DA:1108,0
DA:1109,0
DA:1110,0
DA:1111,0
DA:1113,1
DA:1114,1
DA:1115,1
DA:1116,1
DA:1117,0
DA:1118,0
DA:1119,0
DA:1120,0
DA:1122,1
DA:1123,1
DA:1124,1
DA:1125,1
DA:1126,0
DA:1127,0
DA:1128,0
DA:1129,0
DA:1130,0
DA:1131,0
DA:1132,0
DA:1133,0
DA:1134,0
DA:1135,0
DA:1136,0
DA:1137,0
DA:1138,0
DA:1139,0
DA:1140,0
DA:1141,0
DA:1142,0
DA:1143,0
DA:1144,0
DA:1145,0
DA:1146,0
DA:1147,0
DA:1149,1
DA:1150,1
DA:1151,1
DA:1152,1
DA:1153,0
DA:1154,0
DA:1155,0
DA:1156,0
DA:1157,0
DA:1158,0
DA:1159,0
DA:1160,0
DA:1161,0
DA:1162,0
DA:1163,0
DA:1164,0
DA:1165,0
DA:1166,0
DA:1167,0
DA:1168,0
DA:1169,0
DA:1170,0
DA:1171,0
DA:1172,0
DA:1173,0
DA:1174,0
DA:1175,0
DA:1176,0
DA:1177,0
DA:1178,0
DA:1179,0
DA:1180,0
DA:1181,0
DA:1182,0
DA:1183,0
DA:1185,1
DA:1186,1
DA:1187,1
DA:1188,1
DA:1189,0
DA:1190,0
DA:1191,0
DA:1192,0
DA:1193,0
DA:1194,0
DA:1195,0
DA:1196,0
DA:1197,0
DA:1198,0
DA:1199,0
DA:1200,0
DA:1201,0
DA:1202,0
DA:1203,0
DA:1204,0
DA:1205,0
DA:1207,1
DA:1208,1
DA:1209,1
DA:1210,1
DA:1211,0
DA:1212,0
DA:1213,0
DA:1214,0
DA:1215,0
DA:1216,0
DA:1217,0
DA:1218,0
DA:1219,0
DA:1220,0
DA:1222,1
DA:1223,1
DA:1224,1
DA:1225,1
DA:1226,0
DA:1227,0
DA:1228,0
DA:1229,0
DA:1230,0
DA:1231,0
DA:1232,0
DA:1233,0
DA:1234,0
DA:1235,0
DA:1236,0
DA:1237,0
DA:1238,0
DA:1239,0
DA:1240,0
DA:1242,1
DA:1243,1
DA:1244,1
DA:1245,1
DA:1246,0
DA:1247,0
DA:1248,0
DA:1249,0
DA:1250,0
DA:1251,0
DA:1252,0
DA:1253,0
DA:1254,0
DA:1255,0
DA:1256,0
DA:1257,0
DA:1258,0
DA:1259,0
DA:1261,1
DA:1262,1
DA:1263,1
DA:1264,1
DA:1265,0
DA:1266,0
DA:1267,0
DA:1268,0
DA:1269,0
DA:1270,0
DA:1271,0
DA:1272,0
DA:1273,0
DA:1274,0
DA:1275,0
DA:1276,0
DA:1277,0
DA:1278,0
DA:1280,1
DA:1281,1
DA:1282,1
DA:1283,1
DA:1284,0
DA:1285,0
DA:1286,0
DA:1287,0
DA:1288,0
DA:1289,0
DA:1290,0
DA:1291,0
DA:1292,0
DA:1293,0
DA:1294,0
DA:1295,0
DA:1296,0
DA:1297,0
DA:1298,0
DA:1299,0
DA:1300,0
DA:1301,0
DA:1302,0
DA:1303,0
DA:1304,0
DA:1305,0
DA:1306,0
DA:1308,1
DA:1309,1
DA:1310,1
DA:1311,1
DA:1312,0
DA:1313,0
DA:1314,0
DA:1315,0
DA:1316,0
DA:1317,0
DA:1318,0
DA:1319,0
DA:1320,0
DA:1321,0
DA:1322,0
DA:1323,0
DA:1324,0
DA:1325,0
DA:1326,0
DA:1327,0
DA:1328,0
DA:1329,0
DA:1330,0
DA:1331,0
DA:1332,0
DA:1333,0
DA:1334,0
DA:1335,0
DA:1336,0
DA:1337,0
DA:1338,0
DA:1339,0
DA:1340,0
DA:1341,0
DA:1342,0
DA:1343,0
DA:1344,0
DA:1345,0
DA:1346,0
DA:1347,0
DA:1349,1
DA:1350,1
DA:1351,1
DA:1352,1
DA:1353,2
DA:1354,2
DA:1355,2
DA:1356,2
DA:1357,2
DA:1358,2
DA:1359,2
DA:1360,2
DA:1361,1
DA:1362,1
DA:1363,1
DA:1364,1
DA:1365,1
DA:1366,1
DA:1367,1
DA:1368,1
DA:1369,1
DA:1370,1
DA:1371,1
DA:1372,1
DA:1373,1
DA:1374,1
DA:1375,1
DA:1376,1
DA:1377,1
DA:1378,1
DA:1379,1
DA:1380,1
DA:1381,1
DA:1382,1
DA:1383,2
DA:1385,1
DA:1386,1
DA:1387,1
DA:1388,1
DA:1389,0
DA:1390,0
DA:1392,1
DA:1393,1
DA:1394,1
DA:1395,1
DA:1396,2
DA:1397,2
DA:1398,2
DA:1399,2
DA:1400,1
DA:1401,0
DA:1402,0
DA:1403,0
DA:1404,0
DA:1405,0
DA:1406,0
DA:1407,1
DA:1408,1
DA:1409,1
DA:1410,1
DA:1411,2
DA:1413,1
DA:1414,1
DA:1415,1
DA:1416,1
DA:1417,6
DA:1418,6
DA:1419,6
DA:1420,6
DA:1421,3
DA:1422,1
DA:1423,3
DA:1424,3
DA:1425,6
DA:1427,1
DA:1428,1
DA:1429,1
DA:1430,1
DA:1431,14
DA:1432,14
DA:1433,14
DA:1435,1
DA:1436,1
DA:1437,1
DA:1438,1
DA:1439,1
DA:1440,1
DA:1441,1
DA:1443,1
DA:1444,1
DA:1445,1
DA:1446,1
DA:1447,2
DA:1448,2
DA:1449,2
DA:1450,2
DA:1451,2
DA:1452,2
DA:1453,0
DA:1454,0
DA:1455,0
DA:1456,0
DA:1457,0
DA:1458,0
DA:1459,2
DA:1460,0
DA:1461,0
DA:1462,2
DA:1463,2
DA:1464,2
DA:1465,2
DA:1466,2
DA:1468,1
DA:1469,1
DA:1470,1
DA:1471,1
DA:1472,233
DA:1473,233
DA:1474,233
DA:1475,233
DA:1476,233
DA:1477,233
DA:1478,233
DA:1479,233
DA:1480,233
DA:1481,233
DA:1482,233
DA:1483,233
DA:1484,233
DA:1485,233
DA:1487,1
DA:1488,1
DA:1489,1
DA:1490,1
DA:1491,26
DA:1492,26
DA:1493,26
DA:1494,26
DA:1495,26
DA:1496,26
DA:1497,26
DA:1498,26
DA:1499,26
DA:1500,26
DA:1501,26
DA:1502,26
DA:1503,26
DA:1504,26
DA:1506,1
DA:1507,1
DA:1508,1
DA:1509,1
DA:1510,21
DA:1511,21
DA:1512,21
DA:1513,21
DA:1514,21
DA:1515,21
DA:1516,21
DA:1517,21
DA:1518,21
DA:1519,1
DA:1521,1
DA:1522,1
DA:1524,1
DA:1525,1
DA:1526,0
DA:1527,0
DA:1528,0
DA:1529,0
DA:1530,0
DA:1531,0
DA:1532,0
DA:1533,0
DA:1534,0
DA:1535,0
DA:1536,0
DA:1537,0
DA:1538,0
DA:1539,0
DA:1540,1
LF:1453
LH:1039
BRDA:28,0,0,123
BRDA:55,1,0,4
BRDA:63,2,0,24
BRDA:64,3,0,1
BRDA:66,4,0,23
BRDA:76,5,0,23
BRDA:81,6,0,0
BRDA:144,7,0,20
BRDA:154,8,0,24
BRDA:156,9,0,23
BRDA:157,10,0,1
BRDA:169,11,0,24
BRDA:171,12,0,21
BRDA:172,13,0,3
BRDA:181,14,0,1
BRDA:181,15,0,0
BRDA:191,16,0,24
BRDA:193,17,0,21
BRDA:194,18,0,3
BRDA:201,19,0,1
BRDA:201,20,0,0
BRDA:211,21,0,24
BRDA:213,22,0,22
BRDA:214,23,0,2
BRDA:226,24,0,24
BRDA:228,25,0,3
BRDA:231,26,0,23
BRDA:232,27,0,1
BRDA:244,28,0,24
BRDA:246,29,0,23
BRDA:247,30,0,1
BRDA:252,31,0,0
BRDA:257,32,0,0
BRDA:257,33,0,0
BRDA:269,34,0,24
BRDA:271,35,0,23
BRDA:272,36,0,1
BRDA:284,37,0,24
BRDA:287,38,0,2
BRDA:300,39,0,24
BRDA:302,40,0,0
BRDA:310,41,0,0
BRDA:320,42,0,1
BRDA:324,43,0,0
BRDA:379,44,0,1
BRDA:380,45,0,0
BRDA:380,46,0,0
BRDA:390,47,0,2
BRDA:456,48,0,4
BRDA:479,49,0,2
BRDA:480,50,0,2
BRDA:480,51,0,2
BRDA:459,52,0,1
BRDA:463,53,0,4
BRDA:488,54,0,1
BRDA:516,55,0,4
BRDA:518,56,0,0
BRDA:527,57,0,2
BRDA:536,58,0,0
BRDA:540,59,0,2
BRDA:554,60,0,5
BRDA:575,61,0,8
BRDA:582,62,0,1
BRDA:591,63,0,2
BRDA:599,64,0,2
BRDA:607,65,0,2
BRDA:615,66,0,1
BRDA:629,67,0,8
BRDA:630,68,0,2
BRDA:641,69,0,3
BRDA:649,70,0,3
BRDA:653,71,0,0
BRDA:659,72,0,2
BRDA:659,73,0,1
BRDA:682,74,0,1
BRDA:693,75,0,49
BRDA:696,76,0,0
BRDA:705,77,0,4
BRDA:723,78,0,5
BRDA:741,79,0,4
BRDA:753,80,0,25
BRDA:758,81,0,24
BRDA:759,82,0,1
BRDA:767,83,0,6
BRDA:789,84,0,2
BRDA:807,85,0,2
BRDA:825,86,0,25
BRDA:827,87,0,24
BRDA:853,88,0,3
BRDA:867,89,0,3
BRDA:869,90,0,2
BRDA:869,91,0,1
BRDA:880,92,0,23
BRDA:887,93,0,3
BRDA:887,94,0,3
BRDA:889,95,0,0
BRDA:910,96,0,23
BRDA:1014,97,0,22
BRDA:933,98,0,6
BRDA:1005,99,0,6
BRDA:1037,100,0,2
BRDA:1052,101,0,0
BRDA:1047,102,0,1
BRDA:1061,103,0,2
BRDA:1066,104,0,1
BRDA:1074,105,0,0
BRDA:1352,106,0,2
BRDA:1360,107,0,1
BRDA:1395,108,0,2
BRDA:1399,109,0,1
BRDA:1416,110,0,6
BRDA:1420,111,0,5
BRDA:1420,112,0,3
BRDA:1421,113,0,1
BRDA:1430,114,0,14
BRDA:1438,115,0,1
BRDA:1446,116,0,2
BRDA:1452,117,0,0
BRDA:1459,118,0,0
BRDA:1471,119,0,233
BRDA:1473,120,0,1
BRDA:1490,121,0,26
BRDA:1492,122,0,1
BRDA:1493,123,0,1
BRDA:1509,124,0,21
BRF:125
BRH:105
end_of_record
TN:
SF:src/js/price/PriceChecker.js
FN:17,PriceChecker
FN:54,initialize
FN:76,checkPrice
FN:130,fetchEnhancedCardInfo
FN:182,validateCardData
FN:203,generateCacheKey
FN:218,getCachedPrice
FN:245,cachePrice
FN:268,aggregateResults
FN:345,getDefaultImageUrl
FN:355,calculateConfidence
FN:370,updatePriceHistory
FN:401,getPriceHistory
FN:409,loadCache
FN:426,saveCache
FN:441,loadPriceHistory
FN:458,savePriceHistory
FN:473,clearCache
FN:481,clearPriceHistory
FN:489,getCacheStats
FN:515,updateConfig
FN:523,checkRateLimit
FN:534,getSourceStatus
FN:551,toggleSource
FNF:24
FNH:23
FNDA:88,PriceChecker
FNDA:4,initialize
FNDA:29,checkPrice
FNDA:30,fetchEnhancedCardInfo
FNDA:34,validateCardData
FNDA:44,generateCacheKey
FNDA:7,getCachedPrice
FNDA:57,cachePrice
FNDA:11,aggregateResults
FNDA:10,getDefaultImageUrl
FNDA:10,calculateConfidence
FNDA:11,updatePriceHistory
FNDA:1,getPriceHistory
FNDA:5,loadCache
FNDA:1,saveCache
FNDA:4,loadPriceHistory
FNDA:0,savePriceHistory
FNDA:20,clearCache
FNDA:2,clearPriceHistory
FNDA:2,getCacheStats
FNDA:1,updateConfig
FNDA:4,checkRateLimit
FNDA:4,getSourceStatus
FNDA:3,toggleSource
DA:1,1
DA:2,1
DA:3,1
DA:4,1
DA:5,1
DA:6,1
DA:7,1
DA:8,1
DA:9,1
DA:10,1
DA:12,1
DA:13,1
DA:14,1
DA:16,1
DA:17,1
DA:18,88
DA:19,88
DA:20,88
DA:21,88
DA:22,88
DA:23,88
DA:24,88
DA:25,88
DA:26,88
DA:27,88
DA:28,88
DA:29,88
DA:30,88
DA:31,88
DA:32,88
DA:33,88
DA:34,88
DA:35,88
DA:36,88
DA:37,88
DA:38,88
DA:39,88
DA:40,88
DA:41,88
DA:42,88
DA:43,88
DA:44,88
DA:45,88
DA:46,88
DA:47,88
DA:48,88
DA:49,88
DA:51,1
DA:52,1
DA:53,1
DA:54,1
DA:55,4
DA:56,4
DA:57,4
DA:58,4
DA:59,4
DA:60,4
DA:61,4
DA:62,4
DA:63,4
DA:64,4
DA:65,4
DA:66,4
DA:67,4
DA:68,0
DA:69,0
DA:70,0
DA:71,4
DA:73,1
DA:74,1
DA:75,1
DA:76,1
DA:77,29
DA:78,29
DA:79,29
DA:80,29
DA:81,29
DA:82,29
DA:83,29
DA:84,29
DA:85,29
DA:86,29
DA:87,29
DA:88,3
DA:89,3
DA:90,0
DA:91,0
DA:92,0
DA:93,3
DA:94,29
DA:95,29
DA:96,29
DA:97,29
DA:98,29
DA:99,9
DA:100,29
DA:101,20
DA:102,20
DA:103,20
DA:104,20
DA:105,20
DA:106,9
DA:107,9
DA:108,9
DA:109,9
DA:110,9
DA:111,28
DA:112,3
DA:113,3
DA:114,9
DA:115,9
DA:116,9
DA:117,9
DA:118,9
DA:119,9
DA:120,9
DA:121,29
DA:122,20
DA:123,20
DA:124,20
DA:125,29
DA:127,1
DA:128,1
DA:129,1
DA:130,1
DA:131,30
DA:132,30
DA:133,30
DA:134,30
DA:135,30
DA:136,30
DA:137,30
DA:138,30
DA:139,30
DA:140,30
DA:141,30
DA:142,30
DA:143,30
DA:144,30
DA:145,30
DA:146,30
DA:147,30
DA:148,30
DA:149,30
DA:150,30
DA:151,21
DA:152,21
DA:153,21
DA:154,30
DA:155,8
DA:156,8
DA:157,8
DA:158,8
DA:159,13
DA:160,13
DA:161,12
DA:162,12
DA:163,30
DA:164,1
DA:165,1
DA:166,1
DA:167,10
DA:168,10
DA:169,10
DA:170,10
DA:171,30
DA:172,20
DA:173,20
DA:174,20
DA:175,20
DA:176,20
DA:177,30
DA:179,1
DA:180,1
DA:181,1
DA:182,1
DA:183,34
DA:184,0
DA:185,0
DA:186,34
DA:187,34
DA:188,2
DA:189,2
DA:190,32
DA:191,34
DA:192,1
DA:193,1
DA:194,31
DA:195,31
DA:196,34
DA:197,34
DA:198,34
DA:200,1
DA:201,1
DA:202,1
DA:203,1
DA:204,44
DA:205,44
DA:206,44
DA:207,44
DA:208,44
DA:209,44
DA:210,44
DA:211,44
DA:212,44
DA:213,44
DA:215,1
DA:216,1
DA:217,1
DA:218,1
DA:219,7
DA:220,7
DA:221,7
DA:222,3
DA:223,3
DA:224,4
DA:225,4
DA:226,4
DA:227,4
DA:228,4
DA:229,7
DA:230,2
DA:231,2
DA:232,2
DA:233,2
DA:234,2
DA:235,2
DA:236,2
DA:237,2
DA:238,2
DA:239,2
DA:240,7
DA:242,1
DA:243,1
DA:244,1
DA:245,1
DA:246,57
DA:247,57
DA:248,0
DA:249,0
DA:250,0
DA:251,57
DA:252,57
DA:253,57
DA:254,57
DA:255,57
DA:256,57
DA:257,57
DA:258,57
DA:259,0
DA:260,0
DA:261,0
DA:262,0
DA:263,57
DA:265,1
DA:266,1
DA:267,1
DA:268,1
DA:269,11
DA:270,11
DA:271,10
DA:272,10
DA:273,10
DA:274,10
DA:275,10
DA:276,10
DA:277,10
DA:278,10
DA:279,10
DA:280,10
DA:281,10
DA:282,10
DA:283,10
DA:284,10
DA:285,10
DA:286,10
DA:287,11
DA:288,1
DA:289,1
DA:290,1
DA:291,1
DA:292,1
DA:293,1
DA:294,1
DA:295,1
DA:296,1
DA:297,1
DA:298,1
DA:299,1
DA:300,1
DA:301,1
DA:302,11
DA:303,11
DA:304,11
DA:305,11
DA:306,11
DA:307,11
DA:308,11
DA:309,11
DA:310,11
DA:311,5
DA:312,5
DA:313,5
DA:314,5
DA:315,5
DA:316,5
DA:317,5
DA:318,5
DA:319,5
DA:320,5
DA:321,11
DA:322,11
DA:323,11
DA:324,11
DA:325,11
DA:326,11
DA:327,11
DA:328,11
DA:329,11
DA:330,11
DA:331,11
DA:332,11
DA:333,11
DA:334,11
DA:335,11
DA:336,11
DA:337,11
DA:338,11
DA:339,11
DA:340,11
DA:342,1
DA:343,1
DA:344,1
DA:345,1
DA:346,10
DA:347,0
DA:348,0
DA:349,10
DA:350,10
DA:352,1
DA:353,1
DA:354,1
DA:355,1
DA:356,10
DA:357,4
DA:358,4
DA:359,4
DA:360,4
DA:361,4
DA:362,4
DA:363,4
DA:364,4
DA:365,10
DA:367,1
DA:368,1
DA:369,1
DA:370,1
DA:371,11
DA:372,11
DA:373,11
DA:374,11
DA:375,11
DA:376,11
DA:377,11
DA:378,11
DA:379,11
DA:380,11
DA:381,11
DA:382,11
DA:383,11
DA:384,11
DA:385,11
DA:386,11
DA:387,0
DA:388,0
DA:389,11
DA:390,11
DA:391,11
DA:392,0
DA:393,0
DA:394,0
DA:395,0
DA:396,11
DA:398,1
DA:399,1
DA:400,1
DA:401,1
DA:402,1
DA:403,1
DA:404,1
DA:406,1
DA:407,1
DA:408,1
DA:409,1
DA:410,5
DA:411,2
DA:412,2
DA:413,2
DA:414,5
DA:415,2
DA:416,2
DA:417,2
DA:418,5
DA:419,0
DA:420,0
DA:421,5
DA:423,1
DA:424,1
DA:425,1
DA:426,1
DA:427,1
DA:428,1
DA:429,1
DA:430,1
DA:431,1
DA:432,1
DA:433,1
DA:434,0
DA:435,0
DA:436,1
DA:438,1
DA:439,1
DA:440,1
DA:441,1
DA:442,4
DA:443,1
DA:444,1
DA:445,1
DA:446,4
DA:447,1
DA:448,1
DA:449,1
DA:450,4
DA:451,0
DA:452,0
DA:453,4
DA:455,1
DA:456,1
DA:457,1
DA:458,1
DA:459,0
DA:460,0
DA:461,0
DA:462,0
DA:463,0
DA:464,0
DA:465,0
DA:466,0
DA:467,0
DA:468,0
DA:470,1
DA:471,1
DA:472,1
DA:473,1
DA:474,20
DA:475,20
DA:476,20
DA:478,1
DA:479,1
DA:480,1
DA:481,1
DA:482,2
DA:483,2
DA:484,2
DA:486,1
DA:487,1
DA:488,1
DA:489,1
DA:490,2
DA:491,2
DA:492,2
DA:493,2
DA:494,2
DA:495,5
DA:496,5
DA:497,4
DA:498,5
DA:499,1
DA:500,1
DA:501,5
DA:502,2
DA:503,2
DA:504,2
DA:505,2
DA:506,2
DA:507,2
DA:508,2
DA:509,2
DA:510,2
DA:512,1
DA:513,1
DA:514,1
DA:515,1
DA:516,1
DA:517,1
DA:518,1
DA:520,1
DA:521,1
DA:522,1
DA:523,1
DA:524,4
DA:525,4
DA:526,4
DA:527,4
DA:528,4
DA:529,4
DA:531,1
DA:532,1
DA:533,1
DA:534,1
DA:535,4
DA:536,4
DA:537,4
DA:538,4
DA:539,4
DA:540,4
DA:541,4
DA:542,4
DA:543,4
DA:544,4
DA:545,4
DA:546,4
DA:548,1
DA:549,1
DA:550,1
DA:551,1
DA:552,3
DA:553,3
DA:554,3
DA:555,1
LF:530
LH:491
BRDA:17,0,0,88
BRDA:19,1,0,53
BRDA:25,2,0,53
BRDA:54,3,0,4
BRDA:67,4,0,0
BRDA:76,5,0,29
BRDA:87,6,0,27
BRDA:87,7,0,3
BRDA:89,8,0,0
BRDA:98,9,0,9
BRDA:100,10,0,20
BRDA:105,11,0,28
BRDA:105,12,0,9
BRDA:111,13,0,3
BRDA:113,14,0,9
BRDA:121,15,0,20
BRDA:130,16,0,30
BRDA:134,17,0,1
BRDA:137,18,0,28
BRDA:150,19,0,21
BRDA:154,20,0,8
BRDA:158,21,0,29
BRDA:158,22,0,13
BRDA:160,23,0,12
BRDA:163,24,0,1
BRDA:166,25,0,10
BRDA:171,26,0,20
BRDA:182,27,0,34
BRDA:183,28,0,0
BRDA:187,29,0,2
BRDA:189,30,0,32
BRDA:191,31,0,1
BRDA:193,32,0,31
BRDA:197,33,0,31
BRDA:203,34,0,44
BRDA:208,35,0,42
BRDA:209,36,0,1
BRDA:218,37,0,7
BRDA:221,38,0,3
BRDA:223,39,0,4
BRDA:229,40,0,2
BRDA:245,41,0,57
BRDA:247,42,0,0
BRDA:258,43,0,4
BRDA:258,44,0,0
BRDA:268,45,0,11
BRDA:270,46,0,10
BRDA:272,47,0,5
BRDA:272,48,0,0
BRDA:273,49,0,7
BRDA:279,50,0,0
BRDA:282,51,0,5
BRDA:283,52,0,9
BRDA:285,53,0,9
BRDA:287,54,0,1
BRDA:289,55,0,0
BRDA:306,56,0,5
BRDA:307,57,0,1
BRDA:310,58,0,5
BRDA:311,59,0,1
BRDA:313,60,0,6
BRDA:345,61,0,10
BRDA:346,62,0,0
BRDA:355,63,0,10
BRDA:356,64,0,7
BRDA:356,65,0,6
BRDA:356,66,0,4
BRDA:358,67,0,15
BRDA:359,68,0,15
BRDA:370,69,0,11
BRDA:380,70,0,5
BRDA:380,71,0,6
BRDA:381,72,0,5
BRDA:381,73,0,6
BRDA:386,74,0,0
BRDA:391,75,0,4
BRDA:391,76,0,0
BRDA:401,77,0,1
BRDA:403,78,0,0
BRDA:409,79,0,5
BRDA:410,80,0,3
BRDA:410,81,0,2
BRDA:414,82,0,2
BRDA:418,83,0,0
BRDA:426,84,0,1
BRDA:427,85,0,0
BRDA:433,86,0,0
BRDA:441,87,0,4
BRDA:442,88,0,3
BRDA:442,89,0,1
BRDA:446,90,0,1
BRDA:450,91,0,0
BRDA:473,92,0,20
BRDA:481,93,0,2
BRDA:489,94,0,2
BRDA:494,95,0,5
BRDA:496,96,0,4
BRDA:498,97,0,1
BRDA:515,98,0,1
BRDA:523,99,0,4
BRDA:534,100,0,4
BRDA:551,101,0,3
BRDA:553,102,0,1
BRDA:553,103,0,2
BRF:104
BRH:88
end_of_record
TN:
SF:src/js/session/SessionManager.js
FN:17,SessionManager
FN:80,updateSettings
FN:92,getApiUrl
FN:102,initialize
FN:129,loadCardSets
FN:235,fetchCardSets
FN:367,filterCardSets
FN:409,fetchEnhancedCardInfo
FN:457,loadSetCards
FN:564,switchSet
FN:626,startSession
FN:684,stopSession
FN:735,clearSession
FN:761,addCard
FN:838,_updateCardPricing
FN:893,_applyPricingData
FN:910,removeCard
FN:938,refreshCardPricing
FN:1011,refreshAllCardsPricing
FN:1043,adjustCardQuantity
FN:1076,extractRarityFromVoice
FN:1121,extractArtVariantFromVoice
FN:1152,processVoiceInput
FN:1217,findCardsByFuzzyMatch
FN:1283,generateCardNameVariants
FN:1356,calculateWordByWordScore
FN:1378,calculateCompoundWordScore
FN:1392,findCardsInCurrentSet
FN:1587,calculateRarityScore
FN:1614,ensureUniqueConfidenceScores
FN:1671,normalizeCardName
FN:1683,calculateSimilarity
FN:1699,levenshteinDistance
FN:1732,updateSessionStatistics
FN:1755,saveSession
FN:1773,loadLastSession
FN:1810,waitForPricingDataToLoad
FN:1853,exportSession
FN:1893,exportSessionToCSV
FN:2053,exportSessionToExcel
FN:2072,generateExportFile
FN:2096,cleanup
FN:2104,processCardImages
FN:2138,importSession
FN:2262,convertLegacySessionFormat
FN:2514,calculateSessionStatistics
FN:2553,startAutoSave
FN:2570,stopAutoSave
FN:2580,generateSessionId
FN:2584,generateCardId
FN:2592,getImportedCardsInfo
FN:2625,getCardSets
FN:2629,getCurrentSession
FN:2633,getCurrentSessionInfo
FN:2659,isSessionActive
FN:2666,onSessionStart
FN:2670,onSessionStop
FN:2674,onSessionUpdate
FN:2678,onCardAdded
FN:2682,onCardUpdated
FN:2686,onCardRemoved
FN:2690,onSessionClear
FN:2698,onSetSwitched
FN:2702,emitSessionStart
FN:2712,emitSessionStop
FN:2722,emitSessionUpdate
FN:2732,emitCardAdded
FN:2742,emitCardRemoved
FN:2752,emitSessionClear
FN:2765,emit
FN:2780,addEventListener
FN:2790,removeEventListener
FN:2803,validateImportedPricingData
FNF:73
FNH:60
FNDA:189,SessionManager
FNDA:6,updateSettings
FNDA:190,getApiUrl
FNDA:34,initialize
FNDA:23,loadCardSets
FNDA:19,fetchCardSets
FNDA:4,filterCardSets
FNDA:14,fetchEnhancedCardInfo
FNDA:11,loadSetCards
FNDA:6,switchSet
FNDA:27,startSession
FNDA:31,stopSession
FNDA:2,clearSession
FNDA:14,addCard
FNDA:11,_updateCardPricing
FNDA:11,_applyPricingData
FNDA:3,removeCard
FNDA:6,refreshCardPricing
FNDA:2,refreshAllCardsPricing
FNDA:4,adjustCardQuantity
FNDA:5,extractRarityFromVoice
FNDA:4,extractArtVariantFromVoice
FNDA:7,processVoiceInput
FNDA:0,findCardsByFuzzyMatch
FNDA:1,generateCardNameVariants
FNDA:0,calculateWordByWordScore
FNDA:0,calculateCompoundWordScore
FNDA:2,findCardsInCurrentSet
FNDA:3,calculateRarityScore
FNDA:3,ensureUniqueConfidenceScores
FNDA:7,normalizeCardName
FNDA:6,calculateSimilarity
FNDA:6,levenshteinDistance
FNDA:44,updateSessionStatistics
FNDA:12,saveSession
FNDA:40,loadLastSession
FNDA:3,waitForPricingDataToLoad
FNDA:7,exportSession
FNDA:1,exportSessionToCSV
FNDA:0,exportSessionToExcel
FNDA:2,generateExportFile
FNDA:0,cleanup
FNDA:6,processCardImages
FNDA:3,importSession
FNDA:2,convertLegacySessionFormat
FNDA:50,calculateSessionStatistics
FNDA:31,startAutoSave
FNDA:9,stopAutoSave
FNDA:31,generateSessionId
FNDA:15,generateCardId
FNDA:1,getImportedCardsInfo
FNDA:7,getCardSets
FNDA:0,getCurrentSession
FNDA:3,getCurrentSessionInfo
FNDA:3,isSessionActive
FNDA:0,onSessionStart
FNDA:0,onSessionStop
FNDA:0,onSessionUpdate
FNDA:0,onCardAdded
FNDA:3,onCardUpdated
FNDA:0,onCardRemoved
FNDA:0,onSessionClear
FNDA:0,onSetSwitched
FNDA:24,emitSessionStart
FNDA:8,emitSessionStop
FNDA:34,emitSessionUpdate
FNDA:11,emitCardAdded
FNDA:2,emitCardRemoved
FNDA:2,emitSessionClear
FNDA:46,emit
FNDA:22,addEventListener
FNDA:2,removeEventListener
FNDA:3,validateImportedPricingData
DA:1,1
DA:2,1
DA:3,1
DA:4,1
DA:5,1
DA:6,1
DA:7,1
DA:8,1
DA:9,1
DA:10,1
DA:11,1
DA:13,1
DA:14,1
DA:16,1
DA:17,1
DA:18,189
DA:19,189
DA:20,189
DA:21,189
DA:22,189
DA:23,189
DA:24,189
DA:25,189
DA:26,189
DA:27,189
DA:28,189
DA:29,189
DA:30,189
DA:31,189
DA:32,189
DA:33,189
DA:34,189
DA:35,189
DA:36,189
DA:37,189
DA:38,189
DA:39,189
DA:40,189
DA:41,189
DA:42,189
DA:43,189
DA:44,189
DA:45,189
DA:46,189
DA:47,189
DA:48,189
DA:49,189
DA:50,189
DA:51,189
DA:52,189
DA:53,189
DA:54,189
DA:55,189
DA:56,189
DA:57,189
DA:58,189
DA:59,189
DA:60,189
DA:61,189
DA:62,189
DA:63,189
DA:64,189
DA:65,189
DA:66,189
DA:67,189
DA:68,189
DA:69,189
DA:70,189
DA:71,189
DA:72,189
DA:73,189
DA:74,189
DA:75,189
DA:77,1
DA:78,1
DA:79,1
DA:80,1
DA:81,6
DA:82,6
DA:83,6
DA:84,6
DA:85,6
DA:86,6
DA:88,1
DA:89,1
DA:90,1
DA:91,1
DA:92,1
DA:93,190
DA:94,190
DA:95,190
DA:97,190
DA:99,1
DA:100,1
DA:101,1
DA:102,1
DA:103,34
DA:104,34
DA:105,34
DA:106,34
DA:107,34
DA:108,34
DA:109,34
DA:110,34
DA:111,34
DA:112,32
DA:113,32
DA:114,32
DA:115,32
DA:116,32
DA:117,32
DA:118,32
DA:119,34
DA:120,2
DA:121,2
DA:122,2
DA:123,34
DA:125,1
DA:126,1
DA:127,1
DA:128,1
DA:129,1
DA:130,23
DA:131,23
DA:132,23
DA:133,23
DA:134,23
DA:135,23
DA:136,23
DA:137,23
DA:138,23
DA:139,23
DA:140,23
DA:141,0
DA:142,0
DA:143,23
DA:144,23
DA:145,23
DA:146,23
DA:147,23
DA:148,23
DA:149,23
DA:150,23
DA:151,23
DA:152,23
DA:153,23
DA:154,23
DA:155,23
DA:156,1
DA:157,1
DA:158,1
DA:159,23
DA:160,22
DA:161,22
DA:162,22
DA:163,16
DA:164,16
DA:165,22
DA:166,4
DA:167,4
DA:168,4
DA:169,4
DA:170,4
DA:171,0
DA:172,0
DA:173,4
DA:174,22
DA:175,23
DA:176,17
DA:177,17
DA:178,23
DA:179,23
DA:180,23
DA:181,23
DA:182,23
DA:183,23
DA:184,23
DA:185,23
DA:186,23
DA:187,23
DA:188,17
DA:189,17
DA:190,17
DA:191,17
DA:192,17
DA:193,17
DA:194,17
DA:195,17
DA:196,17
DA:197,17
DA:198,17
DA:199,17
DA:200,17
DA:201,19
DA:202,6
DA:203,6
DA:204,6
DA:205,6
DA:206,6
DA:207,6
DA:208,1
DA:209,6
DA:210,0
DA:211,5
DA:212,5
DA:213,5
DA:214,6
DA:215,6
DA:216,6
DA:217,6
DA:218,6
DA:219,6
DA:220,6
DA:221,6
DA:222,6
DA:223,6
DA:224,6
DA:225,6
DA:226,6
DA:227,6
DA:228,6
DA:229,6
DA:230,23
DA:232,1
DA:233,1
DA:234,1
DA:235,1
DA:236,19
DA:237,19
DA:238,19
DA:239,19
DA:240,0
DA:241,0
DA:242,0
DA:243,19
DA:244,19
DA:245,19
DA:246,19
DA:247,19
DA:248,19
DA:249,19
DA:250,19
DA:251,19
DA:252,19
DA:253,19
DA:254,19
DA:255,19
DA:256,19
DA:257,19
DA:258,19
DA:259,19
DA:261,19
DA:262,19
DA:263,19
DA:264,19
DA:265,19
DA:266,19
DA:267,19
DA:268,19
DA:269,15
DA:270,15
DA:271,15
DA:272,15
DA:273,15
DA:274,19
DA:275,0
DA:276,0
DA:277,15
DA:278,15
DA:279,15
DA:280,15
DA:281,15
DA:282,15
DA:283,15
DA:284,15
DA:285,19
DA:286,19
DA:287,19
DA:288,19
DA:289,19
DA:290,19
DA:291,15
DA:292,15
DA:293,15
DA:294,0
DA:295,0
DA:296,0
DA:297,15
DA:298,15
DA:299,15
DA:300,3
DA:301,3
DA:302,15
DA:303,15
DA:304,15
DA:305,15
DA:306,4
DA:307,4
DA:308,4
DA:309,4
DA:310,4
DA:311,4
DA:312,4
DA:313,4
DA:314,4
DA:315,4
DA:316,4
DA:317,4
DA:318,4
DA:319,15
DA:320,15
DA:321,15
DA:322,15
DA:323,15
DA:324,15
DA:325,15
DA:326,15
DA:327,15
DA:328,15
DA:329,19
DA:330,0
DA:331,0
DA:332,0
DA:333,0
DA:334,19
DA:335,19
DA:336,4
DA:337,1
DA:338,1
DA:339,1
DA:340,3
DA:341,3
DA:342,3
DA:343,3
DA:344,3
DA:345,3
DA:346,3
DA:347,3
DA:348,3
DA:349,4
DA:350,0
DA:351,0
DA:352,0
DA:353,3
DA:354,4
DA:355,0
DA:356,0
DA:357,0
DA:358,3
DA:359,3
DA:360,3
DA:361,19
DA:363,1
DA:364,1
DA:365,1
DA:366,1
DA:367,1
DA:368,4
DA:369,1
DA:370,1
DA:371,4
DA:372,3
DA:373,3
DA:374,3
DA:375,3
DA:376,7
DA:377,7
DA:378,7
DA:379,7
DA:380,7
DA:381,7
DA:382,7
DA:383,7
DA:384,7
DA:385,7
DA:386,4
DA:387,7
DA:388,7
DA:389,7
DA:390,7
DA:391,3
DA:392,3
DA:393,4
DA:394,4
DA:395,4
DA:396,4
DA:397,4
DA:398,4
DA:399,4
DA:400,4
DA:401,4
DA:402,4
DA:403,4
DA:404,4
DA:406,1
DA:407,1
DA:408,1
DA:409,1
DA:410,14
DA:411,14
DA:412,14
DA:413,14
DA:414,14
DA:415,14
DA:416,14
DA:417,14
DA:418,14
DA:419,14
DA:420,14
DA:421,14
DA:422,14
DA:423,14
DA:424,14
DA:425,14
DA:426,14
DA:427,14
DA:428,14
DA:429,14
DA:430,12
DA:431,14
DA:432,0
DA:433,0
DA:434,12
DA:435,12
DA:436,12
DA:437,14
DA:438,0
DA:439,0
DA:440,12
DA:441,12
DA:443,12
DA:444,12
DA:445,14
DA:446,2
DA:447,2
DA:448,2
DA:449,2
DA:450,2
DA:451,14
DA:453,1
DA:454,1
DA:455,1
DA:456,1
DA:457,1
DA:458,11
DA:459,11
DA:460,11
DA:461,11
DA:462,11
DA:463,1
DA:464,1
DA:465,1
DA:466,10
DA:467,10
DA:468,10
DA:469,10
DA:470,10
DA:471,10
DA:472,10
DA:473,10
DA:474,10
DA:475,10
DA:476,10
DA:477,2
DA:478,10
DA:479,10
DA:480,11
DA:481,8
DA:482,8
DA:483,8
DA:484,11
DA:485,2
DA:486,2
DA:487,10
DA:488,10
DA:489,10
DA:490,10
DA:491,10
DA:492,10
DA:493,10
DA:494,10
DA:495,10
DA:496,10
DA:497,10
DA:498,10
DA:499,10
DA:500,10
DA:501,10
DA:502,10
DA:503,10
DA:504,10
DA:505,10
DA:506,7
DA:507,7
DA:508,7
DA:509,11
DA:510,0
DA:511,0
DA:512,7
DA:513,7
DA:514,7
DA:515,7
DA:516,7
DA:517,7
DA:518,11
DA:519,11
DA:520,11
DA:521,11
DA:522,11
DA:523,7
DA:524,7
DA:525,7
DA:526,0
DA:527,0
DA:528,0
DA:529,7
DA:530,7
DA:531,7
DA:532,1
DA:533,1
DA:534,7
DA:535,7
DA:536,7
DA:537,7
DA:538,7
DA:539,7
DA:540,11
DA:541,0
DA:542,0
DA:543,0
DA:544,0
DA:545,11
DA:546,11
DA:547,3
DA:548,0
DA:549,0
DA:550,3
DA:551,3
DA:552,3
DA:553,3
DA:554,3
DA:555,11
DA:559,1
DA:560,1
DA:561,1
DA:562,1
DA:563,1
DA:564,1
DA:565,6
DA:566,1
DA:567,1
DA:569,5
DA:570,5
DA:571,5
DA:572,5
DA:573,5
DA:574,6
DA:575,1
DA:576,1
DA:578,4
DA:579,6
DA:580,1
DA:581,1
DA:582,1
DA:584,3
DA:585,6
DA:586,6
DA:587,6
DA:588,6
DA:589,6
DA:590,6
DA:591,6
DA:592,6
DA:593,6
DA:595,6
DA:596,6
DA:598,2
DA:599,2
DA:600,2
DA:602,2
DA:603,2
DA:604,2
DA:605,2
DA:607,2
DA:608,2
DA:609,2
DA:610,2
DA:611,2
DA:612,2
DA:614,6
DA:615,6
DA:617,6
DA:618,2
DA:619,2
DA:620,2
DA:621,6
DA:623,1
DA:624,1
DA:625,1
DA:626,1
DA:627,27
DA:628,27
DA:629,27
DA:630,27
DA:631,27
DA:632,27
DA:633,2
DA:634,2
DA:635,25
DA:636,25
DA:637,25
DA:638,25
DA:639,25
DA:640,25
DA:641,25
DA:642,25
DA:643,25
DA:644,25
DA:645,25
DA:646,25
DA:647,25
DA:648,25
DA:649,25
DA:650,25
DA:651,25
DA:652,25
DA:653,25
DA:654,25
DA:655,25
DA:656,25
DA:657,25
DA:658,25
DA:659,25
DA:660,25
DA:661,25
DA:662,25
DA:663,24
DA:664,24
DA:665,24
DA:666,24
DA:667,24
DA:668,24
DA:669,24
DA:670,24
DA:671,24
DA:672,24
DA:673,24
DA:674,24
DA:675,27
DA:676,3
DA:677,3
DA:678,3
DA:679,27
DA:681,1
DA:682,1
DA:683,1
DA:684,1
DA:685,31
DA:686,23
DA:687,23
DA:688,23
DA:689,8
DA:690,8
DA:691,8
DA:692,8
DA:693,8
DA:694,8
DA:695,8
DA:696,8
DA:697,8
DA:698,8
DA:699,8
DA:700,8
DA:701,31
DA:702,0
DA:703,0
DA:704,8
DA:705,8
DA:706,8
DA:707,8
DA:708,8
DA:709,8
DA:710,8
DA:711,8
DA:712,8
DA:713,8
DA:714,8
DA:715,8
DA:716,8
DA:717,8
DA:718,8
DA:719,8
DA:720,8
DA:721,8
DA:722,8
DA:723,8
DA:724,8
DA:725,8
DA:726,31
DA:727,0
DA:728,0
DA:729,0
DA:730,31
DA:732,1
DA:733,1
DA:734,1
DA:735,1
DA:736,2
DA:737,0
DA:738,0
DA:739,0
DA:740,2
DA:741,2
DA:742,2
DA:743,2
DA:744,2
DA:745,2
DA:746,2
DA:747,2
DA:748,2
DA:750,1
DA:751,1
DA:752,1
DA:753,1
DA:754,1
DA:755,1
DA:756,1
DA:757,1
DA:758,1
DA:759,1
DA:760,1
DA:761,1
DA:762,14
DA:763,2
DA:764,2
DA:765,12
DA:766,12
DA:767,12
DA:768,12
DA:769,12
DA:770,14
DA:771,0
DA:772,0
DA:773,0
DA:774,0
DA:775,0
DA:776,0
DA:777,11
DA:778,11
DA:779,11
DA:780,11
DA:781,11
DA:782,11
DA:783,11
DA:784,11
DA:785,11
DA:786,11
DA:787,11
DA:788,11
DA:789,11
DA:790,11
DA:791,11
DA:792,11
DA:793,11
DA:794,11
DA:795,11
DA:796,11
DA:797,11
DA:798,11
DA:799,11
DA:800,11
DA:801,11
DA:802,11
DA:803,11
DA:804,11
DA:805,11
DA:806,11
DA:807,14
DA:808,14
DA:809,14
DA:810,11
DA:811,11
DA:812,13
DA:813,0
DA:814,0
DA:815,0
DA:816,0
DA:817,0
DA:818,0
DA:819,0
DA:820,0
DA:821,0
DA:822,11
DA:823,14
DA:824,14
DA:825,14
DA:826,14
DA:827,1
DA:828,1
DA:829,1
DA:830,14
DA:831,1
DA:832,1
DA:833,1
DA:834,1
DA:835,1
DA:836,1
DA:837,1
DA:838,1
DA:839,11
DA:840,11
DA:841,11
DA:842,11
DA:843,11
DA:844,11
DA:845,11
DA:846,11
DA:847,11
DA:848,11
DA:849,11
DA:850,11
DA:851,11
DA:852,11
DA:853,11
DA:854,11
DA:855,11
DA:856,11
DA:857,11
DA:858,11
DA:859,11
DA:860,11
DA:861,11
DA:862,11
DA:863,11
DA:864,11
DA:865,11
DA:866,0
DA:867,0
DA:868,0
DA:869,0
DA:870,0
DA:871,0
DA:872,0
DA:873,0
DA:874,11
DA:875,0
DA:876,0
DA:877,0
DA:878,0
DA:879,0
DA:880,0
DA:881,0
DA:882,11
DA:883,11
DA:884,11
DA:885,11
DA:886,1
DA:887,1
DA:888,1
DA:889,1
DA:890,1
DA:891,1
DA:892,1
DA:893,1
DA:894,11
DA:895,11
DA:896,11
DA:897,11
DA:898,11
DA:899,11
DA:900,11
DA:901,11
DA:902,11
DA:903,11
DA:904,11
DA:905,11
DA:907,1
DA:908,1
DA:909,1
DA:910,1
DA:911,3
DA:912,0
DA:913,0
DA:914,3
DA:915,3
DA:916,3
DA:917,1
DA:918,1
DA:919,2
DA:920,2
DA:921,2
DA:922,2
DA:923,2
DA:924,2
DA:925,2
DA:926,2
DA:927,2
DA:928,2
DA:929,3
DA:930,3
DA:931,3
DA:933,1
DA:934,1
DA:935,1
DA:936,1
DA:937,1
DA:938,1
DA:939,6
DA:940,0
DA:941,0
DA:942,6
DA:943,6
DA:944,6
DA:945,0
DA:946,0
DA:947,6
DA:948,6
DA:949,6
DA:950,6
DA:951,6
DA:952,6
DA:953,6
DA:954,6
DA:955,6
DA:956,6
DA:957,6
DA:958,6
DA:959,6
DA:960,6
DA:961,4
DA:962,4
DA:963,4
DA:964,4
DA:965,4
DA:966,4
DA:967,4
DA:968,4
DA:969,4
DA:970,4
DA:971,4
DA:972,4
DA:973,4
DA:974,4
DA:975,4
DA:976,4
DA:977,4
DA:978,4
DA:979,4
DA:980,6
DA:981,0
DA:982,0
DA:983,6
DA:984,2
DA:985,2
DA:986,6
DA:987,6
DA:988,6
DA:989,6
DA:990,4
DA:991,4
DA:992,4
DA:993,4
DA:994,4
DA:995,4
DA:996,4
DA:997,4
DA:998,4
DA:999,4
DA:1000,6
DA:1001,2
DA:1002,2
DA:1003,2
DA:1004,6
DA:1006,1
DA:1007,1
DA:1008,1
DA:1009,1
DA:1010,1
DA:1011,1
DA:1012,2
DA:1013,0
DA:1014,0
DA:1015,2
DA:1016,2
DA:1017,2
DA:1018,0
DA:1019,0
DA:1020,0
DA:1021,2
DA:1022,2
DA:1023,2
DA:1024,2
DA:1025,2
DA:1026,4
DA:1027,1
DA:1028,1
DA:1029,4
DA:1030,2
DA:1031,2
DA:1032,2
DA:1033,2
DA:1034,2
DA:1035,2
DA:1036,2
DA:1037,2
DA:1038,2
DA:1040,1
DA:1041,1
DA:1042,1
DA:1043,1
DA:1044,4
DA:1045,0
DA:1046,0
DA:1047,4
DA:1048,4
DA:1049,4
DA:1050,0
DA:1051,0
DA:1052,4
DA:1053,4
DA:1054,4
DA:1055,4
DA:1056,4
DA:1057,4
DA:1058,2
DA:1059,2
DA:1060,2
DA:1061,2
DA:1062,2
DA:1063,2
DA:1064,2
DA:1065,2
DA:1066,2
DA:1067,2
DA:1068,2
DA:1069,4
DA:1070,4
DA:1071,4
DA:1073,1
DA:1074,1
DA:1075,1
DA:1076,1
DA:1077,5
DA:1078,3
DA:1079,3
DA:1080,3
DA:1082,2
DA:1084,2
DA:1085,2
DA:1086,2
DA:1087,2
DA:1088,2
DA:1089,2
DA:1090,2
DA:1091,2
DA:1092,2
DA:1093,2
DA:1094,2
DA:1095,2
DA:1096,2
DA:1097,2
DA:1098,2
DA:1099,2
DA:1100,2
DA:1101,2
DA:1103,5
DA:1104,18
DA:1105,18
DA:1106,18
DA:1107,2
DA:1108,2
DA:1109,2
DA:1110,2
DA:1111,2
DA:1112,18
DA:1114,0
DA:1115,0
DA:1116,5
DA:1118,1
DA:1119,1
DA:1120,1
DA:1121,1
DA:1122,4
DA:1123,3
DA:1124,3
DA:1126,1
DA:1127,1
DA:1128,1
DA:1129,1
DA:1130,1
DA:1131,1
DA:1132,1
DA:1133,1
DA:1134,1
DA:1136,1
DA:1137,1
DA:1138,1
DA:1139,1
DA:1140,1
DA:1141,1
DA:1142,1
DA:1143,1
DA:1144,1
DA:1146,0
DA:1147,4
DA:1149,1
DA:1150,1
DA:1151,1
DA:1152,1
DA:1153,7
DA:1154,7
DA:1155,7
DA:1156,4
DA:1157,4
DA:1159,3
DA:1160,3
DA:1161,3
DA:1162,3
DA:1164,3
DA:1165,3
DA:1166,3
DA:1168,3
DA:1169,3
DA:1170,3
DA:1171,3
DA:1173,3
DA:1174,3
DA:1175,3
DA:1176,3
DA:1178,7
DA:1179,1
DA:1180,4
DA:1181,2
DA:1182,2
DA:1184,3
DA:1185,3
DA:1186,3
DA:1187,3
DA:1188,3
DA:1189,3
DA:1190,3
DA:1191,3
DA:1192,3
DA:1193,3
DA:1194,3
DA:1195,3
DA:1196,3
DA:1197,3
DA:1198,3
DA:1199,3
DA:1200,3
DA:1201,3
DA:1202,3
DA:1203,3
DA:1204,3
DA:1205,3
DA:1206,7
DA:1207,0
DA:1208,0
DA:1209,0
DA:1210,7
DA:1214,1
DA:1215,1
DA:1216,1
DA:1217,1
DA:1218,0
DA:1219,0
DA:1220,0
DA:1221,0
DA:1222,0
DA:1223,0
DA:1224,0
DA:1225,0
DA:1226,0
DA:1227,0
DA:1228,0
DA:1229,0
DA:1230,0
DA:1231,0
DA:1232,0
DA:1233,0
DA:1234,0
DA:1235,0
DA:1236,0
DA:1237,0
DA:1238,0
DA:1239,0
DA:1240,0
DA:1241,0
DA:1242,0
DA:1243,0
DA:1244,0
DA:1245,0
DA:1246,0
DA:1247,0
DA:1248,0
DA:1249,0
DA:1250,0
DA:1251,0
DA:1252,0
DA:1253,0
DA:1254,0
DA:1255,0
DA:1256,0
DA:1257,0
DA:1258,0
DA:1259,0
DA:1260,0
DA:1261,0
DA:1262,0
DA:1263,0
DA:1264,0
DA:1265,0
DA:1266,0
DA:1267,0
DA:1268,0
DA:1269,0
DA:1270,0
DA:1271,0
DA:1272,0
DA:1273,0
DA:1274,0
DA:1275,0
DA:1276,0
DA:1277,0
DA:1278,0
DA:1280,1
DA:1281,1
DA:1282,1
DA:1283,1
DA:1284,1
DA:1285,1
DA:1286,1
DA:1287,1
DA:1288,1
DA:1289,1
DA:1290,1
DA:1291,1
DA:1292,1
DA:1293,1
DA:1294,1
DA:1295,1
DA:1296,1
DA:1297,1
DA:1298,1
DA:1299,1
DA:1300,1
DA:1301,1
DA:1302,1
DA:1303,1
DA:1304,1
DA:1305,1
DA:1306,1
DA:1307,1
DA:1308,1
DA:1309,1
DA:1310,1
DA:1311,1
DA:1312,1
DA:1313,1
DA:1314,1
DA:1315,1
DA:1316,1
DA:1317,1
DA:1318,1
DA:1319,1
DA:1320,1
DA:1321,1
DA:1322,29
DA:1323,5
DA:1324,10
DA:1325,10
DA:1326,5
DA:1327,29
DA:1328,1
DA:1329,1
DA:1330,1
DA:1331,1
DA:1332,1
DA:1333,1
DA:1334,1
DA:1335,1
DA:1336,4
DA:1337,4
DA:1338,4
DA:1339,1
DA:1340,1
DA:1341,1
DA:1342,1
DA:1343,1
DA:1344,16
DA:1345,16
DA:1346,2
DA:1347,2
DA:1348,14
DA:1349,14
DA:1350,1
DA:1351,1
DA:1353,1
DA:1354,1
DA:1355,1
DA:1356,1
DA:1357,0
DA:1358,0
DA:1359,0
DA:1360,0
DA:1361,0
DA:1362,0
DA:1363,0
DA:1364,0
DA:1365,0
DA:1366,0
DA:1367,0
DA:1368,0
DA:1369,0
DA:1370,0
DA:1371,0
DA:1372,0
DA:1373,0
DA:1375,1
DA:1376,1
DA:1377,1
DA:1378,1
DA:1379,0
DA:1380,0
DA:1381,0
DA:1382,0
DA:1383,0
DA:1384,0
DA:1385,0
DA:1386,0
DA:1387,0
DA:1389,1
DA:1390,1
DA:1391,1
DA:1392,1
DA:1393,2
DA:1394,0
DA:1395,0
DA:1396,2
DA:1397,2
DA:1398,2
DA:1399,2
DA:1400,2
DA:1401,2
DA:1402,2
DA:1403,2
DA:1404,2
DA:1405,2
DA:1406,2
DA:1407,4
DA:1408,4
DA:1409,4
DA:1410,4
DA:1411,4
DA:1412,4
DA:1413,4
DA:1414,4
DA:1415,1
DA:1416,1
DA:1417,1
DA:1418,3
DA:1419,3
DA:1420,3
DA:1421,3
DA:1422,1
DA:1423,1
DA:1424,1
DA:1425,3
DA:1426,4
DA:1427,4
DA:1428,2
DA:1429,2
DA:1430,2
DA:1431,2
DA:1432,2
DA:1433,2
DA:1434,2
DA:1435,2
DA:1436,2
DA:1437,4
DA:1438,2
DA:1439,2
DA:1440,2
DA:1441,2
DA:1442,2
DA:1443,2
DA:1444,2
DA:1445,2
DA:1446,2
DA:1447,2
DA:1448,2
DA:1449,0
DA:1450,0
DA:1451,2
DA:1452,2
DA:1453,2
DA:1454,2
DA:1455,2
DA:1456,2
DA:1457,2
DA:1458,2
DA:1459,2
DA:1460,2
DA:1461,2
DA:1462,2
DA:1463,2
DA:1464,2
DA:1465,2
DA:1466,2
DA:1467,2
DA:1468,2
DA:1469,2
DA:1470,0
DA:1471,0
DA:1472,2
DA:1473,2
DA:1474,2
DA:1475,2
DA:1476,2
DA:1477,2
DA:1478,2
DA:1479,2
DA:1480,2
DA:1481,2
DA:1482,2
DA:1483,2
DA:1484,2
DA:1485,2
DA:1486,2
DA:1487,2
DA:1488,2
DA:1489,2
DA:1490,2
DA:1491,2
DA:1492,2
DA:1493,2
DA:1494,2
DA:1495,2
DA:1496,2
DA:1497,2
DA:1498,2
DA:1499,0
DA:1500,0
DA:1501,0
DA:1502,2
DA:1503,2
DA:1504,2
DA:1505,2
DA:1506,2
DA:1507,2
DA:1508,2
DA:1509,2
DA:1510,2
DA:1511,0
DA:1512,0
DA:1513,0
DA:1514,2
DA:1515,2
DA:1516,2
DA:1517,2
DA:1518,2
DA:1519,2
DA:1520,2
DA:1521,2
DA:1522,2
DA:1523,2
DA:1524,0
DA:1525,0
DA:1526,0
DA:1527,0
DA:1528,0
DA:1529,0
DA:1530,0
DA:1531,0
DA:1532,0
DA:1533,0
DA:1534,0
DA:1535,0
DA:1536,0
DA:1537,0
DA:1538,2
DA:1539,2
DA:1540,2
DA:1541,2
DA:1542,2
DA:1543,2
DA:1544,2
DA:1545,2
DA:1546,2
DA:1547,2
DA:1548,2
DA:1549,2
DA:1550,2
DA:1551,2
DA:1552,2
DA:1553,2
DA:1554,2
DA:1555,2
DA:1556,2
DA:1557,2
DA:1558,2
DA:1559,2
DA:1560,0
DA:1561,0
DA:1562,2
DA:1563,2
DA:1564,0
DA:1565,0
DA:1566,2
DA:1567,2
DA:1568,2
DA:1569,2
DA:1570,2
DA:1571,2
DA:1572,2
DA:1573,2
DA:1574,2
DA:1575,2
DA:1576,2
DA:1577,2
DA:1578,2
DA:1579,2
DA:1580,2
DA:1581,2
DA:1582,2
DA:1584,1
DA:1585,1
DA:1586,1
DA:1587,1
DA:1588,3
DA:1589,0
DA:1590,0
DA:1591,3
DA:1592,3
DA:1593,3
DA:1594,3
DA:1595,3
DA:1596,3
DA:1597,1
DA:1598,1
DA:1599,2
DA:1600,2
DA:1601,3
DA:1602,1
DA:1603,1
DA:1604,1
DA:1605,1
DA:1606,1
DA:1607,3
DA:1608,3
DA:1610,1
DA:1611,1
DA:1612,1
DA:1613,1
DA:1614,1
DA:1615,3
DA:1616,0
DA:1617,0
DA:1618,3
DA:1619,3
DA:1620,3
DA:1621,3
DA:1622,3
DA:1623,3
DA:1624,3
DA:1625,5
DA:1626,5
DA:1627,5
DA:1628,5
DA:1629,5
DA:1630,5
DA:1631,5
DA:1632,5
DA:1633,5
DA:1634,5
DA:1635,3
DA:1636,3
DA:1637,3
DA:1638,3
DA:1639,3
DA:1640,3
DA:1641,3
DA:1642,0
DA:1643,0
DA:1644,0
DA:1645,0
DA:1646,0
DA:1647,0
DA:1648,0
DA:1649,0
DA:1650,3
DA:1651,5
DA:1652,5
DA:1653,5
DA:1654,5
DA:1655,5
DA:1656,5
DA:1657,5
DA:1658,5
DA:1659,5
DA:1660,2
DA:1661,2
DA:1662,5
DA:1663,3
DA:1664,3
DA:1665,3
DA:1667,1
DA:1668,1
DA:1669,1
DA:1670,1
DA:1671,1
DA:1672,7
DA:1673,7
DA:1674,7
DA:1675,7
DA:1676,7
DA:1677,7
DA:1678,1
DA:1680,1
DA:1681,1
DA:1682,1
DA:1683,1
DA:1684,6
DA:1685,6
DA:1686,6
DA:1687,6
DA:1688,6
DA:1689,0
DA:1690,0
DA:1691,6
DA:1692,6
DA:1693,6
DA:1694,6
DA:1696,1
DA:1697,1
DA:1698,1
DA:1699,1
DA:1700,6
DA:1701,6
DA:1702,6
DA:1703,62
DA:1704,62
DA:1705,6
DA:1706,6
DA:1707,102
DA:1708,102
DA:1709,6
DA:1710,6
DA:1711,56
DA:1712,932
DA:1713,54
DA:1714,932
DA:1715,878
DA:1716,878
DA:1717,878
DA:1718,878
DA:1719,878
DA:1720,878
DA:1721,932
DA:1722,56
DA:1723,6
DA:1724,6
DA:1725,6
DA:1729,1
DA:1730,1
DA:1731,1
DA:1732,1
DA:1733,44
DA:1734,0
DA:1735,0
DA:1736,44
DA:1737,44
DA:1738,44
DA:1739,44
DA:1740,44
DA:1741,44
DA:1742,44
DA:1743,44
DA:1744,15
DA:1745,15
DA:1746,15
DA:1747,15
DA:1748,44
DA:1749,44
DA:1750,44
DA:1752,1
DA:1753,1
DA:1754,1
DA:1755,1
DA:1756,12
DA:1757,1
DA:1758,1
DA:1759,11
DA:1760,11
DA:1761,11
DA:1762,8
DA:1763,8
DA:1764,12
DA:1765,3
DA:1766,3
DA:1767,3
DA:1768,12
DA:1770,1
DA:1771,1
DA:1772,1
DA:1773,1
DA:1774,40
DA:1775,0
DA:1776,0
DA:1777,40
DA:1778,40
DA:1779,40
DA:1780,39
DA:1781,40
DA:1782,6
DA:1783,6
DA:1784,6
DA:1785,6
DA:1786,6
DA:1787,6
DA:1788,6
DA:1789,6
DA:1790,6
DA:1791,6
DA:1792,6
DA:1793,6
DA:1794,6
DA:1795,6
DA:1796,6
DA:1797,33
DA:1798,33
DA:1799,40
DA:1800,1
DA:1801,1
DA:1802,1
DA:1803,40
DA:1805,1
DA:1806,1
DA:1807,1
DA:1808,1
DA:1809,1
DA:1810,1
DA:1811,3
DA:1812,3
DA:1813,3
DA:1814,3
DA:1815,3
DA:1816,3
DA:1817,3
DA:1818,3
DA:1819,3
DA:1820,3
DA:1821,2
DA:1822,2
DA:1823,2
DA:1824,2
DA:1825,2
DA:1826,1
DA:1827,1
DA:1828,1
DA:1829,1
DA:1830,1
DA:1831,1
DA:1832,1
DA:1833,1
DA:1834,0
DA:1835,0
DA:1836,0
DA:1837,0
DA:1838,0
DA:1839,3
DA:1840,3
DA:1841,3
DA:1843,1
DA:1844,1
DA:1845,1
DA:1846,1
DA:1847,1
DA:1848,1
DA:1849,1
DA:1850,1
DA:1851,1
DA:1852,1
DA:1853,1
DA:1854,7
DA:1855,2
DA:1856,2
DA:1857,5
DA:1858,5
DA:1859,7
DA:1860,1
DA:1861,1
DA:1862,1
DA:1863,0
DA:1864,0
DA:1865,1
DA:1866,5
DA:1867,5
DA:1868,5
DA:1869,5
DA:1870,5
DA:1871,5
DA:1872,5
DA:1873,5
DA:1874,5
DA:1875,5
DA:1876,5
DA:1877,6
DA:1878,1
DA:1879,6
DA:1880,0
DA:1881,4
DA:1882,4
DA:1883,4
DA:1884,4
DA:1885,4
DA:1886,4
DA:1887,4
DA:1888,7
DA:1890,1
DA:1891,1
DA:1892,1
DA:1893,1
DA:1894,1
DA:1895,0
DA:1896,0
DA:1897,1
DA:1898,1
DA:1899,1
DA:1900,1
DA:1901,1
DA:1902,1
DA:1903,1
DA:1904,1
DA:1905,1
DA:1906,1
DA:1907,1
DA:1908,1
DA:1909,1
DA:1910,1
DA:1911,1
DA:1912,1
DA:1913,1
DA:1914,1
DA:1915,1
DA:1916,1
DA:1917,1
DA:1918,1
DA:1919,1
DA:1920,1
DA:1921,1
DA:1922,1
DA:1923,1
DA:1924,1
DA:1925,1
DA:1926,1
DA:1927,1
DA:1928,1
DA:1929,1
DA:1930,11
DA:1931,11
DA:1932,11
DA:1933,1
DA:1934,1
DA:1935,11
DA:1936,1
DA:1937,1
DA:1938,11
DA:1939,1
DA:1940,1
DA:1941,11
DA:1942,1
DA:1943,1
DA:1944,11
DA:1945,1
DA:1946,1
DA:1947,11
DA:1948,0
DA:1949,0
DA:1950,0
DA:1951,11
DA:1952,1
DA:1953,1
DA:1954,11
DA:1955,1
DA:1956,1
DA:1957,11
DA:1958,1
DA:1959,1
DA:1960,11
DA:1961,1
DA:1962,1
DA:1963,11
DA:1964,1
DA:1965,1
DA:1966,11
DA:1967,1
DA:1968,1
DA:1969,11
DA:1970,0
DA:1971,0
DA:1972,11
DA:1973,0
DA:1974,0
DA:1975,11
DA:1976,0
DA:1977,11
DA:1978,11
DA:1979,11
DA:1980,11
DA:1981,0
DA:1982,0
DA:1983,11
DA:1984,11
DA:1985,1
DA:1986,1
DA:1987,1
DA:1988,1
DA:1989,1
DA:1990,1
DA:1991,1
DA:1992,1
DA:1993,1
DA:1994,4
DA:1995,1
DA:1996,1
DA:1997,1
DA:1998,1
DA:1999,1
DA:2000,1
DA:2001,1
DA:2002,1
DA:2003,1
DA:2004,1
DA:2005,1
DA:2006,1
DA:2007,1
DA:2008,1
DA:2009,1
DA:2010,1
DA:2011,1
DA:2012,1
DA:2013,1
DA:2014,1
DA:2015,1
DA:2016,1
DA:2017,1
DA:2018,0
DA:2019,0
DA:2020,0
DA:2021,1
DA:2022,1
DA:2023,1
DA:2024,1
DA:2025,11
DA:2026,11
DA:2027,1
DA:2028,11
DA:2029,1
DA:2030,11
DA:2031,1
DA:2032,11
DA:2033,1
DA:2034,11
DA:2035,0
DA:2036,11
DA:2037,7
DA:2038,11
DA:2039,1
DA:2040,1
DA:2041,1
DA:2042,1
DA:2043,1
DA:2044,1
DA:2045,1
DA:2046,1
DA:2047,1
DA:2048,1
DA:2050,1
DA:2051,1
DA:2052,1
DA:2053,1
DA:2054,0
DA:2055,0
DA:2056,0
DA:2057,0
DA:2058,0
DA:2059,0
DA:2060,0
DA:2061,0
DA:2062,0
DA:2063,0
DA:2065,1
DA:2066,1
DA:2067,1
DA:2068,1
DA:2069,1
DA:2070,1
DA:2071,1
DA:2072,1
DA:2073,2
DA:2074,2
DA:2075,2
DA:2076,2
DA:2077,2
DA:2078,0
DA:2079,0
DA:2080,0
DA:2081,2
DA:2082,2
DA:2083,2
DA:2084,2
DA:2085,2
DA:2086,2
DA:2087,2
DA:2088,2
DA:2089,2
DA:2090,2
DA:2091,2
DA:2092,2
DA:2093,2
DA:2094,2
DA:2095,2
DA:2096,2
DA:2097,2
DA:2098,2
DA:2100,1
DA:2101,1
DA:2102,1
DA:2103,1
DA:2104,1
DA:2105,6
DA:2106,6
DA:2107,6
DA:2108,1
DA:2109,1
DA:2110,1
DA:2111,1
DA:2112,1
DA:2113,1
DA:2114,6
DA:2115,6
DA:2116,6
DA:2117,5
DA:2118,5
DA:2119,1
DA:2120,1
DA:2121,1
DA:2122,1
DA:2123,1
DA:2124,1
DA:2125,5
DA:2126,6
DA:2127,6
DA:2128,6
DA:2129,0
DA:2130,0
DA:2131,0
DA:2132,6
DA:2134,1
DA:2135,1
DA:2136,1
DA:2137,1
DA:2138,1
DA:2139,3
DA:2140,3
DA:2141,3
DA:2142,1
DA:2143,1
DA:2144,2
DA:2145,2
DA:2146,2
DA:2147,1
DA:2148,1
DA:2149,2
DA:2150,2
DA:2151,2
DA:2152,2
DA:2153,3
DA:2154,0
DA:2155,0
DA:2156,3
DA:2157,2
DA:2158,2
DA:2159,2
DA:2160,2
DA:2161,2
DA:2162,2
DA:2163,2
DA:2164,2
DA:2165,2
DA:2166,2
DA:2167,2
DA:2168,2
DA:2169,0
DA:2170,0
DA:2171,2
DA:2172,2
DA:2173,2
DA:2174,2
DA:2175,2
DA:2176,0
DA:2177,0
DA:2178,0
DA:2179,0
DA:2180,2
DA:2181,2
DA:2182,2
DA:2183,1
DA:2184,1
DA:2185,1
DA:2186,1
DA:2187,1
DA:2188,1
DA:2189,1
DA:2190,1
DA:2191,1
DA:2192,1
DA:2193,1
DA:2194,1
DA:2195,1
DA:2196,2
DA:2197,2
DA:2198,2
DA:2199,2
DA:2200,2
DA:2201,0
DA:2202,0
DA:2203,2
DA:2204,2
DA:2205,2
DA:2206,2
DA:2207,2
DA:2208,3
DA:2209,2
DA:2210,2
DA:2211,2
DA:2212,2
DA:2213,2
DA:2214,2
DA:2215,1
DA:2216,1
DA:2217,1
DA:2218,1
DA:2219,2
DA:2220,2
DA:2221,2
DA:2222,2
DA:2223,2
DA:2224,2
DA:2225,2
DA:2226,2
DA:2227,2
DA:2228,2
DA:2229,2
DA:2230,2
DA:2231,1
DA:2232,1
DA:2233,1
DA:2234,0
DA:2235,0
DA:2236,1
DA:2237,1
DA:2238,1
DA:2239,2
DA:2240,2
DA:2241,2
DA:2242,2
DA:2243,2
DA:2244,2
DA:2245,2
DA:2246,2
DA:2247,2
DA:2248,2
DA:2249,2
DA:2250,2
DA:2251,2
DA:2252,1
DA:2253,1
DA:2254,1
DA:2255,3
DA:2257,1
DA:2258,1
DA:2259,1
DA:2260,1
DA:2261,1
DA:2262,1
DA:2263,2
DA:2264,2
DA:2265,2
DA:2266,2
DA:2267,2
DA:2268,2
DA:2269,2
DA:2270,2
DA:2271,2
DA:2272,2
DA:2273,4
DA:2274,4
DA:2275,4
DA:2276,4
DA:2277,4
DA:2278,4
DA:2279,4
DA:2280,4
DA:2281,2
DA:2282,2
DA:2283,2
DA:2284,2
DA:2285,2
DA:2286,2
DA:2287,2
DA:2288,2
DA:2289,2
DA:2290,2
DA:2291,2
DA:2292,2
DA:2293,2
DA:2294,0
DA:2295,0
DA:2296,0
DA:2297,2
DA:2298,2
DA:2299,2
DA:2300,2
DA:2301,0
DA:2302,0
DA:2303,0
DA:2304,0
DA:2305,0
DA:2306,0
DA:2307,0
DA:2308,0
DA:2309,0
DA:2310,0
DA:2311,0
DA:2312,0
DA:2313,0
DA:2314,0
DA:2315,0
DA:2316,0
DA:2317,0
DA:2318,0
DA:2319,0
DA:2320,0
DA:2321,0
DA:2322,0
DA:2323,0
DA:2324,0
DA:2325,0
DA:2326,0
DA:2327,0
DA:2328,0
DA:2329,0
DA:2330,0
DA:2331,0
DA:2332,0
DA:2333,0
DA:2334,0
DA:2335,0
DA:2336,0
DA:2337,0
DA:2338,0
DA:2339,0
DA:2340,0
DA:2341,0
DA:2342,0
DA:2343,0
DA:2344,0
DA:2345,0
DA:2346,0
DA:2347,0
DA:2348,0
DA:2349,0
DA:2350,0
DA:2351,0
DA:2352,0
DA:2353,0
DA:2354,0
DA:2355,2
DA:2356,2
DA:2357,2
DA:2358,0
DA:2359,0
DA:2360,0
DA:2361,0
DA:2362,2
DA:2363,2
DA:2364,2
DA:2365,2
DA:2366,2
DA:2367,2
DA:2368,2
DA:2369,2
DA:2370,6
DA:2371,6
DA:2372,6
DA:2373,6
DA:2374,6
DA:2375,6
DA:2376,6
DA:2377,6
DA:2378,6
DA:2379,6
DA:2380,3
DA:2381,3
DA:2382,3
DA:2383,3
DA:2384,3
DA:2385,3
DA:2386,3
DA:2387,3
DA:2388,3
DA:2389,3
DA:2390,3
DA:2391,6
DA:2392,6
DA:2393,1
DA:2394,1
DA:2395,1
DA:2396,1
DA:2397,1
DA:2398,1
DA:2399,1
DA:2400,1
DA:2401,1
DA:2402,1
DA:2403,1
DA:2404,1
DA:2405,1
DA:2406,1
DA:2407,1
DA:2408,1
DA:2409,1
DA:2410,1
DA:2411,1
DA:2412,1
DA:2413,1
DA:2414,1
DA:2415,1
DA:2416,1
DA:2417,1
DA:2418,1
DA:2419,2
DA:2420,2
DA:2421,2
DA:2422,2
DA:2423,2
DA:2424,2
DA:2425,2
DA:2426,6
DA:2427,6
DA:2428,6
DA:2429,6
DA:2430,6
DA:2431,6
DA:2432,6
DA:2433,6
DA:2434,6
DA:2435,6
DA:2436,6
DA:2437,6
DA:2438,0
DA:2439,0
DA:2440,0
DA:2441,0
DA:2442,2
DA:2443,2
DA:2444,6
DA:2445,2
DA:2446,2
DA:2447,2
DA:2448,2
DA:2449,2
DA:2450,2
DA:2451,2
DA:2452,2
DA:2453,2
DA:2454,2
DA:2455,6
DA:2456,0
DA:2457,0
DA:2458,2
DA:2459,2
DA:2460,2
DA:2461,2
DA:2462,2
DA:2463,2
DA:2464,2
DA:2465,2
DA:2466,2
DA:2467,2
DA:2468,2
DA:2469,2
DA:2470,2
DA:2471,2
DA:2472,4
DA:2473,4
DA:2474,2
DA:2475,2
DA:2476,2
DA:2477,2
DA:2478,2
DA:2479,1
DA:2480,1
DA:2481,4
DA:2482,1
DA:2483,1
DA:2484,2
DA:2485,2
DA:2486,2
DA:2487,2
DA:2488,2
DA:2489,2
DA:2490,2
DA:2491,2
DA:2492,2
DA:2493,2
DA:2494,2
DA:2495,2
DA:2496,2
DA:2497,2
DA:2498,2
DA:2499,2
DA:2500,2
DA:2501,2
DA:2502,2
DA:2503,2
DA:2504,2
DA:2505,2
DA:2506,0
DA:2507,0
DA:2508,0
DA:2509,2
DA:2511,1
DA:2512,1
DA:2513,1
DA:2514,1
DA:2515,50
DA:2516,50
DA:2517,50
DA:2518,50
DA:2519,50
DA:2520,50
DA:2521,50
DA:2522,50
DA:2523,50
DA:2524,5060
DA:2525,5060
DA:2526,5060
DA:2527,5060
DA:2528,5060
DA:2529,5060
DA:2530,5060
DA:2531,5028
DA:2532,5028
DA:2533,5028
DA:2534,5060
DA:2535,5060
DA:2536,5060
DA:2537,5017
DA:2538,5017
DA:2539,5017
DA:2540,5060
DA:2541,5060
DA:2542,5060
DA:2543,5060
DA:2544,50
DA:2545,50
DA:2546,50
DA:2547,50
DA:2548,50
DA:2550,1
DA:2551,1
DA:2552,1
DA:2553,1
DA:2554,31
DA:2555,2
DA:2556,2
DA:2557,31
DA:2558,31
DA:2559,0
DA:2560,0
DA:2561,0
DA:2562,31
DA:2563,31
DA:2564,31
DA:2565,31
DA:2567,1
DA:2568,1
DA:2569,1
DA:2570,1
DA:2571,9
DA:2572,4
DA:2573,4
DA:2574,4
DA:2575,9
DA:2576,9
DA:2577,9
DA:2579,1
DA:2580,1
DA:2581,31
DA:2582,31
DA:2584,1
DA:2585,15
DA:2586,15
DA:2588,1
DA:2589,1
DA:2590,1
DA:2591,1
DA:2592,1
DA:2593,1
DA:2594,0
DA:2595,0
DA:2596,0
DA:2597,0
DA:2598,0
DA:2599,0
DA:2600,0
DA:2601,1
DA:2602,1
DA:2603,1
DA:2604,1
DA:2605,1
DA:2606,0
DA:2607,1
DA:2608,1
DA:2609,1
DA:2610,1
DA:2611,1
DA:2612,1
DA:2613,1
DA:2614,1
DA:2615,1
DA:2616,1
DA:2617,1
DA:2618,1
DA:2619,1
DA:2620,1
DA:2621,1
DA:2622,1
DA:2624,1
DA:2625,1
DA:2626,7
DA:2627,7
DA:2629,1
DA:2630,0
DA:2631,0
DA:2633,1
DA:2634,3
DA:2635,1
DA:2636,1
DA:2637,1
DA:2638,1
DA:2639,1
DA:2640,1
DA:2641,1
DA:2642,1
DA:2643,1
DA:2644,1
DA:2645,1
DA:2646,2
DA:2647,2
DA:2648,2
DA:2649,2
DA:2650,2
DA:2651,3
DA:2652,3
DA:2653,3
DA:2654,3
DA:2655,3
DA:2656,3
DA:2657,3
DA:2659,1
DA:2660,3
DA:2661,3
DA:2663,1
DA:2664,1
DA:2665,1
DA:2666,1
DA:2667,0
DA:2668,0
DA:2670,1
DA:2671,0
DA:2672,0
DA:2674,1
DA:2675,0
DA:2676,0
DA:2678,1
DA:2679,0
DA:2680,0
DA:2682,1
DA:2683,3
DA:2684,3
DA:2686,1
DA:2687,0
DA:2688,0
DA:2690,1
DA:2691,0
DA:2692,0
DA:2694,1
DA:2695,1
DA:2696,1
DA:2697,1
DA:2698,1
DA:2699,0
DA:2700,0
DA:2702,1
DA:2703,24
DA:2704,0
DA:2705,0
DA:2706,0
DA:2707,0
DA:2708,0
DA:2709,24
DA:2710,24
DA:2712,1
DA:2713,8
DA:2714,0
DA:2715,0
DA:2716,0
DA:2717,0
DA:2718,0
DA:2719,8
DA:2720,8
DA:2722,1
DA:2723,34
DA:2724,0
DA:2725,0
DA:2726,0
DA:2727,0
DA:2728,0
DA:2729,34
DA:2730,34
DA:2732,1
DA:2733,11
DA:2734,0
DA:2735,0
DA:2736,0
DA:2737,0
DA:2738,0
DA:2739,11
DA:2740,11
DA:2742,1
DA:2743,2
DA:2744,0
DA:2745,0
DA:2746,0
DA:2747,0
DA:2748,0
DA:2749,2
DA:2750,2
DA:2752,1
DA:2753,2
DA:2754,0
DA:2755,0
DA:2756,0
DA:2757,0
DA:2758,0
DA:2759,2
DA:2760,2
DA:2762,1
DA:2763,1
DA:2764,1
DA:2765,1
DA:2766,46
DA:2767,35
DA:2768,17
DA:2769,17
DA:2770,17
DA:2771,1
DA:2772,1
DA:2773,35
DA:2774,35
DA:2775,46
DA:2777,1
DA:2778,1
DA:2779,1
DA:2780,1
DA:2781,22
DA:2782,9
DA:2783,9
DA:2784,22
DA:2785,22
DA:2787,1
DA:2788,1
DA:2789,1
DA:2790,1
DA:2791,2
DA:2792,2
DA:2793,2
DA:2794,2
DA:2795,2
DA:2796,2
DA:2797,2
DA:2799,1
DA:2800,1
DA:2801,1
DA:2802,1
DA:2803,1
DA:2804,3
DA:2805,0
DA:2806,0
DA:2807,0
DA:2808,3
DA:2809,3
DA:2810,3
DA:2811,3
DA:2812,3
DA:2813,3
DA:2814,3
DA:2815,3
DA:2816,3
DA:2817,3
DA:2818,3
DA:2819,3
DA:2820,2
DA:2821,2
DA:2822,2
DA:2823,1
DA:2824,1
DA:2825,2
DA:2826,3
DA:2827,3
DA:2828,3
DA:2829,0
DA:2830,0
DA:2831,0
DA:2832,3
DA:2833,3
DA:2834,3
DA:2835,3
DA:2836,3
DA:2837,3
DA:2838,3
DA:2839,3
DA:2840,3
DA:2841,3
DA:2842,3
DA:2843,3
DA:2844,3
DA:2845,3
DA:2846,3
DA:2847,3
DA:2848,3
DA:2849,3
DA:2850,3
DA:2851,1
LF:2749
LH:2330
BRDA:17,0,0,189
BRDA:19,1,0,56
BRDA:80,2,0,6
BRDA:92,3,0,190
BRDA:95,4,0,35
BRDA:102,5,0,34
BRDA:111,6,0,32
BRDA:119,7,0,2
BRDA:129,8,0,23
BRDA:131,9,0,0
BRDA:140,10,0,0
BRDA:151,11,0,1
BRDA:152,12,0,1
BRDA:153,13,0,1
BRDA:154,14,0,1
BRDA:155,15,0,1
BRDA:159,16,0,22
BRDA:162,17,0,16
BRDA:165,18,0,4
BRDA:170,19,0,0
BRDA:175,20,0,17
BRDA:178,21,0,0
BRDA:178,22,0,17
BRDA:182,23,0,12
BRDA:184,24,0,0
BRDA:184,25,0,17
BRDA:187,26,0,17
BRDA:187,27,0,19
BRDA:187,28,0,17
BRDA:201,29,0,6
BRDA:207,30,0,5
BRDA:207,31,0,1
BRDA:209,32,0,5
BRDA:209,33,0,0
BRDA:235,34,0,19
BRDA:239,35,0,0
BRDA:268,36,0,15
BRDA:274,37,0,0
BRDA:276,38,0,15
BRDA:285,39,0,3
BRDA:285,40,0,12
BRDA:290,41,0,15
BRDA:291,42,0,12
BRDA:293,43,0,0
BRDA:299,44,0,3
BRDA:329,45,0,0
BRDA:335,46,0,4
BRDA:336,47,0,1
BRDA:339,48,0,3
BRDA:349,49,0,0
BRDA:352,50,0,3
BRDA:354,51,0,0
BRDA:357,52,0,3
BRDA:305,53,0,4
BRDA:307,54,0,0
BRDA:307,55,0,0
BRDA:307,56,0,0
BRDA:308,57,0,0
BRDA:308,58,0,0
BRDA:308,59,0,0
BRDA:308,60,0,0
BRDA:367,61,0,4
BRDA:368,62,0,3
BRDA:368,63,0,1
BRDA:371,64,0,3
BRDA:375,65,0,7
BRDA:376,66,0,0
BRDA:377,67,0,3
BRDA:382,68,0,4
BRDA:383,69,0,4
BRDA:384,70,0,4
BRDA:385,71,0,4
BRDA:387,72,0,4
BRDA:388,73,0,4
BRDA:389,74,0,4
BRDA:409,75,0,14
BRDA:413,76,0,0
BRDA:413,77,0,11
BRDA:414,78,0,0
BRDA:414,79,0,0
BRDA:415,80,0,8
BRDA:415,81,0,8
BRDA:429,82,0,12
BRDA:431,83,0,0
BRDA:433,84,0,12
BRDA:437,85,0,0
BRDA:439,86,0,12
BRDA:445,87,0,2
BRDA:457,88,0,11
BRDA:462,89,0,1
BRDA:465,90,0,10
BRDA:480,91,0,8
BRDA:484,92,0,2
BRDA:486,93,0,10
BRDA:505,94,0,7
BRDA:509,95,0,0
BRDA:511,96,0,7
BRDA:518,97,0,0
BRDA:522,98,0,7
BRDA:523,99,0,0
BRDA:525,100,0,0
BRDA:531,101,0,1
BRDA:540,102,0,0
BRDA:546,103,0,3
BRDA:547,104,0,0
BRDA:472,105,0,10
BRDA:473,106,0,2
BRDA:474,107,0,2
BRDA:475,108,0,2
BRDA:476,109,0,2
BRDA:564,110,0,6
BRDA:565,111,0,5
BRDA:565,112,0,1
BRDA:567,113,0,5
BRDA:574,114,0,1
BRDA:576,115,0,4
BRDA:579,116,0,1
BRDA:582,117,0,3
BRDA:585,118,0,0
BRDA:586,119,0,0
BRDA:592,120,0,0
BRDA:592,121,0,0
BRDA:596,122,0,2
BRDA:614,123,0,0
BRDA:614,124,0,0
BRDA:617,125,0,2
BRDA:573,126,0,9
BRDA:573,127,0,5
BRDA:626,128,0,27
BRDA:632,129,0,2
BRDA:634,130,0,26
BRDA:634,131,0,25
BRDA:662,132,0,24
BRDA:675,133,0,3
BRDA:631,134,0,27
BRDA:631,135,0,2
BRDA:684,136,0,31
BRDA:685,137,0,8
BRDA:685,138,0,23
BRDA:688,139,0,8
BRDA:701,140,0,0
BRDA:703,141,0,8
BRDA:726,142,0,0
BRDA:735,143,0,2
BRDA:736,144,0,0
BRDA:761,145,0,14
BRDA:762,146,0,12
BRDA:762,147,0,2
BRDA:764,148,0,13
BRDA:764,149,0,12
BRDA:770,150,0,0
BRDA:770,151,0,13
BRDA:770,152,0,0
BRDA:776,153,0,11
BRDA:806,154,0,0
BRDA:809,155,0,13
BRDA:809,156,0,11
BRDA:812,157,0,0
BRDA:821,158,0,11
BRDA:823,159,0,0
BRDA:823,160,0,0
BRDA:826,161,0,1
BRDA:838,162,0,11
BRDA:848,163,0,7
BRDA:848,164,0,2
BRDA:851,165,0,0
BRDA:864,166,0,7
BRDA:864,167,0,2
BRDA:865,168,0,0
BRDA:874,169,0,0
BRDA:893,170,0,11
BRDA:894,171,0,0
BRDA:910,172,0,3
BRDA:911,173,0,0
BRDA:916,174,0,2
BRDA:916,175,0,1
BRDA:929,176,0,0
BRDA:915,177,0,2
BRDA:938,178,0,6
BRDA:939,179,0,0
BRDA:944,180,0,0
BRDA:960,181,0,4
BRDA:967,182,0,1
BRDA:967,183,0,0
BRDA:979,184,0,0
BRDA:979,185,0,1
BRDA:980,186,0,0
BRDA:983,187,0,2
BRDA:986,188,0,4
BRDA:989,189,0,4
BRDA:1000,190,0,2
BRDA:943,191,0,8
BRDA:1011,192,0,2
BRDA:1012,193,0,0
BRDA:1017,194,0,0
BRDA:1023,195,0,0
BRDA:1025,196,0,4
BRDA:1026,197,0,1
BRDA:1033,198,0,4
BRDA:1037,199,0,4
BRDA:1043,200,0,4
BRDA:1044,201,0,0
BRDA:1049,202,0,0
BRDA:1054,203,0,0
BRDA:1057,204,0,2
BRDA:1069,205,0,0
BRDA:1048,206,0,4
BRDA:1076,207,0,5
BRDA:1077,208,0,4
BRDA:1077,209,0,3
BRDA:1080,210,0,2
BRDA:1103,211,0,18
BRDA:1106,212,0,2
BRDA:1112,213,0,0
BRDA:1121,214,0,4
BRDA:1122,215,0,3
BRDA:1124,216,0,1
BRDA:1144,217,0,0
BRDA:1152,218,0,7
BRDA:1155,219,0,3
BRDA:1155,220,0,5
BRDA:1155,221,0,4
BRDA:1157,222,0,3
BRDA:1178,223,0,2
BRDA:1178,224,0,4
BRDA:1178,225,0,1
BRDA:1180,226,0,2
BRDA:1182,227,0,3
BRDA:1206,228,0,0
BRDA:1199,229,0,3
BRDA:1200,230,0,1
BRDA:1200,231,0,1
BRDA:1200,232,0,2
BRDA:1283,233,0,1
BRDA:1321,234,0,29
BRDA:1322,235,0,5
BRDA:1323,236,0,10
BRDA:1335,237,0,4
BRDA:1343,238,0,16
BRDA:1345,239,0,2
BRDA:1347,240,0,14
BRDA:1392,241,0,2
BRDA:1393,242,0,0
BRDA:1399,243,0,0
BRDA:1406,244,0,4
BRDA:1414,245,0,1
BRDA:1417,246,0,3
BRDA:1421,247,0,1
BRDA:1427,248,0,2
BRDA:1448,249,0,0
BRDA:1460,250,0,0
BRDA:1469,251,0,0
BRDA:1498,252,0,0
BRDA:1510,253,0,0
BRDA:1523,254,0,0
BRDA:1554,255,0,0
BRDA:1559,256,0,0
BRDA:1563,257,0,0
BRDA:1454,258,0,4
BRDA:1468,259,0,2
BRDA:1572,260,0,2
BRDA:1577,261,0,2
BRDA:1587,262,0,3
BRDA:1588,263,0,0
BRDA:1596,264,0,1
BRDA:1598,265,0,2
BRDA:1601,266,0,1
BRDA:1607,267,0,0
BRDA:1607,268,0,1
BRDA:1614,269,0,3
BRDA:1615,270,0,0
BRDA:1624,271,0,5
BRDA:1634,272,0,3
BRDA:1641,273,0,0
BRDA:1659,274,0,2
BRDA:1664,275,0,2
BRDA:1671,276,0,7
BRDA:1683,277,0,6
BRDA:1685,278,0,1
BRDA:1685,279,0,5
BRDA:1686,280,0,1
BRDA:1686,281,0,5
BRDA:1688,282,0,0
BRDA:1699,283,0,6
BRDA:1702,284,0,62
BRDA:1706,285,0,102
BRDA:1710,286,0,56
BRDA:1711,287,0,932
BRDA:1712,288,0,54
BRDA:1714,289,0,878
BRDA:1732,290,0,44
BRDA:1733,291,0,0
BRDA:1743,292,0,15
BRDA:1745,293,0,5
BRDA:1745,294,0,10
BRDA:1755,295,0,12
BRDA:1756,296,0,11
BRDA:1756,297,0,1
BRDA:1758,298,0,11
BRDA:1761,299,0,8
BRDA:1764,300,0,3
BRDA:1773,301,0,40
BRDA:1774,302,0,0
BRDA:1779,303,0,39
BRDA:1781,304,0,7
BRDA:1781,305,0,34
BRDA:1781,306,0,6
BRDA:1796,307,0,33
BRDA:1799,308,0,1
BRDA:1787,309,0,4
BRDA:1810,310,0,3
BRDA:1815,311,0,3
BRDA:1816,312,0,3
BRDA:1820,313,0,2
BRDA:1825,314,0,1
BRDA:1833,315,0,0
BRDA:1853,316,0,7
BRDA:1854,317,0,2
BRDA:1856,318,0,5
BRDA:1859,319,0,6
BRDA:1859,320,0,1
BRDA:1862,321,0,0
BRDA:1865,322,0,5
BRDA:1877,323,0,1
BRDA:1879,324,0,4
BRDA:1879,325,0,0
BRDA:1893,326,0,1
BRDA:1894,327,0,0
BRDA:1925,328,0,11
BRDA:1925,329,0,0
BRDA:1928,330,0,1
BRDA:1929,331,0,11
BRDA:1932,332,0,1
BRDA:1933,333,0,0
BRDA:1935,334,0,1
BRDA:1936,335,0,0
BRDA:1938,336,0,1
BRDA:1939,337,0,0
BRDA:1941,338,0,1
BRDA:1944,339,0,1
BRDA:1945,340,0,0
BRDA:1947,341,0,0
BRDA:1951,342,0,1
BRDA:1952,343,0,0
BRDA:1954,344,0,1
BRDA:1955,345,0,0
BRDA:1957,346,0,1
BRDA:1960,347,0,1
BRDA:1963,348,0,1
BRDA:1966,349,0,1
BRDA:1967,350,0,0
BRDA:1969,351,0,0
BRDA:1972,352,0,0
BRDA:1975,353,0,0
BRDA:1980,354,0,10
BRDA:1980,355,0,0
BRDA:1993,356,0,4
BRDA:1998,357,0,1
BRDA:1999,358,0,0
BRDA:2008,359,0,0
BRDA:2013,360,0,0
BRDA:2017,361,0,0
BRDA:2024,362,0,11
BRDA:2026,363,0,1
BRDA:2028,364,0,1
BRDA:2030,365,0,1
BRDA:2032,366,0,1
BRDA:2034,367,0,0
BRDA:2036,368,0,7
BRDA:2072,369,0,2
BRDA:2077,370,0,0
BRDA:2104,371,0,6
BRDA:2107,372,0,1
BRDA:2107,373,0,1
BRDA:2107,374,0,1
BRDA:2109,375,0,0
BRDA:2110,376,0,0
BRDA:2112,377,0,0
BRDA:2116,378,0,5
BRDA:2116,379,0,5
BRDA:2116,380,0,5
BRDA:2118,381,0,4
BRDA:2118,382,0,1
BRDA:2123,383,0,0
BRDA:2128,384,0,0
BRDA:2138,385,0,3
BRDA:2141,386,0,2
BRDA:2141,387,0,1
BRDA:2146,388,0,1
BRDA:2153,389,0,0
BRDA:2153,390,0,0
BRDA:2156,391,0,2
BRDA:2200,392,0,0
BRDA:2208,393,0,2
BRDA:2230,394,0,1
BRDA:2233,395,0,0
BRDA:2251,396,0,1
BRDA:2167,397,0,2
BRDA:2168,398,0,0
BRDA:2175,399,0,0
BRDA:2175,400,0,0
BRDA:2182,401,0,1
BRDA:2182,402,0,1
BRDA:2189,403,0,0
BRDA:2189,404,0,0
BRDA:2209,405,0,2
BRDA:2214,406,0,1
BRDA:2214,407,0,1
BRDA:2215,408,0,0
BRDA:2215,409,0,0
BRDA:2215,410,0,0
BRDA:2227,411,0,1
BRDA:2227,412,0,0
BRDA:2227,413,0,0
BRDA:2262,414,0,2
BRDA:2267,415,0,0
BRDA:2293,416,0,0
BRDA:2300,417,0,0
BRDA:2300,418,0,0
BRDA:2357,419,0,0
BRDA:2478,420,0,1
BRDA:2494,421,0,1
BRDA:2505,422,0,0
BRDA:2272,423,0,4
BRDA:2273,424,0,2
BRDA:2273,425,0,2
BRDA:2273,426,0,0
BRDA:2274,427,0,2
BRDA:2274,428,0,2
BRDA:2275,429,0,2
BRDA:2276,430,0,2
BRDA:2277,431,0,2
BRDA:2278,432,0,2
BRDA:2280,433,0,2
BRDA:2280,434,0,2
BRDA:2280,435,0,0
BRDA:2369,436,0,6
BRDA:2371,437,0,4
BRDA:2371,438,0,4
BRDA:2371,439,0,2
BRDA:2375,440,0,4
BRDA:2379,441,0,4
BRDA:2379,442,0,3
BRDA:2391,443,0,1
BRDA:2392,444,0,2
BRDA:2392,445,0,2
BRDA:2392,446,0,1
BRDA:2418,447,0,2
BRDA:2427,448,0,0
BRDA:2427,449,0,2
BRDA:2428,450,0,2
BRDA:2428,451,0,2
BRDA:2437,452,0,0
BRDA:2437,453,0,0
BRDA:2441,454,0,2
BRDA:2444,455,0,0
BRDA:2444,456,0,2
BRDA:2451,457,0,1
BRDA:2451,458,0,0
BRDA:2455,459,0,0
BRDA:2457,460,0,2
BRDA:2471,461,0,4
BRDA:2472,462,0,2
BRDA:2480,463,0,4
BRDA:2514,464,0,50
BRDA:2523,465,0,5060
BRDA:2524,466,0,5044
BRDA:2530,467,0,5052
BRDA:2530,468,0,5028
BRDA:2530,469,0,5028
BRDA:2536,470,0,5040
BRDA:2536,471,0,5017
BRDA:2536,472,0,5017
BRDA:2542,473,0,5045
BRDA:2542,474,0,5022
BRDA:2543,475,0,48
BRDA:2553,476,0,31
BRDA:2554,477,0,2
BRDA:2570,478,0,9
BRDA:2571,479,0,4
BRDA:2580,480,0,31
BRDA:2584,481,0,15
BRDA:2592,482,0,1
BRDA:2593,483,0,0
BRDA:2603,484,0,1
BRDA:2604,485,0,0
BRDA:2605,486,0,0
BRDA:2608,487,0,1
BRDA:2609,488,0,0
BRDA:2611,489,0,1
BRDA:2612,490,0,0
BRDA:2625,491,0,7
BRDA:2633,492,0,3
BRDA:2634,493,0,2
BRDA:2634,494,0,1
BRDA:2651,495,0,0
BRDA:2659,496,0,3
BRDA:2682,497,0,3
BRDA:2702,498,0,24
BRDA:2712,499,0,8
BRDA:2722,500,0,34
BRDA:2732,501,0,11
BRDA:2742,502,0,2
BRDA:2752,503,0,2
BRDA:2765,504,0,46
BRDA:2766,505,0,35
BRDA:2767,506,0,17
BRDA:2770,507,0,1
BRDA:2780,508,0,22
BRDA:2781,509,0,9
BRDA:2790,510,0,2
BRDA:2803,511,0,3
BRDA:2804,512,0,0
BRDA:2817,513,0,3
BRDA:2819,514,0,1
BRDA:2819,515,0,2
BRDA:2822,516,0,1
BRDA:2822,517,0,1
BRDA:2822,518,0,1
BRDA:2828,519,0,0
BRDA:2828,520,0,0
BRF:521
BRH:371
end_of_record
TN:
SF:src/js/ui/UIManager.js
FN:17,UIManager
FN:66,initialize
FN:98,getDOMElements
FN:183,setupEventListeners
FN:361,initializeComponents
FN:381,setupAccessibility
FN:397,setupResponsive
FN:415,switchTab
FN:446,handlePriceCheckSubmit
FN:457,collectPriceFormData
FN:471,validatePriceForm
FN:497,clearPriceForm
FN:509,displayPriceResults
FN:566,loadCardImage
FN:616,generatePriceResultsHTML
FN:739,generatePricingSection
FN:787,generateSourceDataHTML
FN:825,hidePriceResults
FN:834,handleSetSelection
FN:847,handleRefreshSets
FN:871,handleLoadAllSets
FN:896,handleSetSearch
FN:926,handleSessionStart
FN:939,updateCardSets
FN:1021,updateSessionInfo
FN:1089,updateCardDisplay
FN:1108,displaySessionCards
FN:1154,createSessionCardElement
FN:1311,handleViewToggle
FN:1331,handleCardSizeChange
FN:1348,updateSessionViewMode
FN:1363,createConsolidatedCardElement
FN:1419,showCardPopup
FN:1489,hideCardPopup
FN:1499,loadSessionCardImage
FN:1543,updateVoiceStatus
FN:1589,updateVoiceButtons
FN:1610,updateFloatingSubmenu
FN:1627,scrollToNewestCard
FN:1664,clearSessionDisplay
FN:1679,showToast
FN:1695,createToast
FN:1718,getToastIcon
FN:1731,removeToast
FN:1743,setLoading
FN:1764,updateAppStatus
FN:1773,updateConnectionStatus
FN:1783,highlightError
FN:1793,clearErrorHighlights
FN:1804,showSettings
FN:1818,showHelp
FN:1826,createModal
FN:1851,showModal
FN:1865,closeModal
FN:1874,showCardSelectionModal
FN:1955,generateSettingsHTML
FN:2068,populateSettingsForm
FN:2114,setupSettingsEventListeners
FN:2155,handleSaveSettings
FN:2165,handleResetSettings
FN:2191,collectSettingsData
FN:2214,generateHelpHTML
FN:2248,handleKeyboardShortcuts
FN:2268,handleResize
FN:2275,updateResponsiveClasses
FN:2295,initializeTooltips
FN:2311,initializeFormValidation
FN:2324,validateField
FN:2339,addSkipLinks
FN:2350,setupLiveRegions
FN:2363,enhanceKeyboardNavigation
FN:2376,debounce
FN:2378,executedFunction
FN:2379,later
FN:2389,onTabChange
FN:2393,onPriceCheck
FN:2397,onSessionStart
FN:2401,onSessionStop
FN:2405,onSessionClear
FN:2409,onSessionExport
FN:2413,onSessionImport
FN:2417,onBulkPricingRefresh
FN:2421,onVoiceStart
FN:2425,onVoiceStop
FN:2429,onVoiceTest
FN:2433,onQuantityAdjust
FN:2437,onCardRemove
FN:2441,onPricingRefresh
FN:2445,onCardUpdated
FN:2450,onSettingsSave
FN:2454,onSettingsShow
FN:2462,onSetSwitched
FN:2470,emitSetSwitched
FN:2481,emitTabChange
FN:2491,emitPriceCheck
FN:2501,emitSessionStart
FN:2511,emitSessionStop
FN:2521,emitSessionClear
FN:2531,emitSessionExport
FN:2541,emitSessionImport
FN:2551,emitBulkPricingRefresh
FN:2561,emitVoiceStart
FN:2571,emitVoiceStop
FN:2581,emitVoiceTest
FN:2591,emitQuantityAdjust
FN:2601,emitCardRemove
FN:2611,emitPricingRefresh
FN:2621,emitSettingsSave
FN:2631,emitSettingsShow
FN:2645,emitSetSwitched
FNF:110
FNH:89
FNDA:184,UIManager
FNDA:48,initialize
FNDA:88,getDOMElements
FNDA:49,setupEventListeners
FNDA:48,initializeComponents
FNDA:51,setupAccessibility
FNDA:49,setupResponsive
FNDA:59,switchTab
FNDA:1,handlePriceCheckSubmit
FNDA:6,collectPriceFormData
FNDA:9,validatePriceForm
FNDA:2,clearPriceForm
FNDA:8,displayPriceResults
FNDA:7,loadCardImage
FNDA:8,generatePriceResultsHTML
FNDA:6,generatePricingSection
FNDA:1,generateSourceDataHTML
FNDA:3,hidePriceResults
FNDA:3,handleSetSelection
FNDA:2,handleRefreshSets
FNDA:1,handleLoadAllSets
FNDA:2,handleSetSearch
FNDA:2,handleSessionStart
FNDA:14,updateCardSets
FNDA:7,updateSessionInfo
FNDA:0,updateCardDisplay
FNDA:10,displaySessionCards
FNDA:4,createSessionCardElement
FNDA:5,handleViewToggle
FNDA:5,handleCardSizeChange
FNDA:7,updateSessionViewMode
FNDA:0,createConsolidatedCardElement
FNDA:0,showCardPopup
FNDA:2,hideCardPopup
FNDA:0,loadSessionCardImage
FNDA:4,updateVoiceStatus
FNDA:3,updateVoiceButtons
FNDA:47,updateFloatingSubmenu
FNDA:1,scrollToNewestCard
FNDA:0,clearSessionDisplay
FNDA:39,showToast
FNDA:41,createToast
FNDA:46,getToastIcon
FNDA:7,removeToast
FNDA:17,setLoading
FNDA:76,updateAppStatus
FNDA:49,updateConnectionStatus
FNDA:18,highlightError
FNDA:6,clearErrorHighlights
FNDA:6,showSettings
FNDA:0,showHelp
FNDA:9,createModal
FNDA:7,showModal
FNDA:3,closeModal
FNDA:1,showCardSelectionModal
FNDA:6,generateSettingsHTML
FNDA:7,populateSettingsForm
FNDA:6,setupSettingsEventListeners
FNDA:1,handleSaveSettings
FNDA:1,handleResetSettings
FNDA:3,collectSettingsData
FNDA:0,generateHelpHTML
FNDA:3,handleKeyboardShortcuts
FNDA:1,handleResize
FNDA:55,updateResponsiveClasses
FNDA:50,initializeTooltips
FNDA:48,initializeFormValidation
FNDA:4,validateField
FNDA:52,addSkipLinks
FNDA:52,setupLiveRegions
FNDA:52,enhanceKeyboardNavigation
FNDA:52,debounce
FNDA:9,executedFunction
FNDA:3,later
FNDA:6,onTabChange
FNDA:9,onPriceCheck
FNDA:6,onSessionStart
FNDA:3,onSessionStop
FNDA:3,onSessionClear
FNDA:3,onSessionExport
FNDA:3,onSessionImport
FNDA:3,onBulkPricingRefresh
FNDA:5,onVoiceStart
FNDA:3,onVoiceStop
FNDA:3,onVoiceTest
FNDA:4,onQuantityAdjust
FNDA:3,onCardRemove
FNDA:3,onPricingRefresh
FNDA:0,onCardUpdated
FNDA:3,onSettingsSave
FNDA:3,onSettingsShow
FNDA:0,onSetSwitched
FNDA:0,emitSetSwitched
FNDA:58,emitTabChange
FNDA:6,emitPriceCheck
FNDA:3,emitSessionStart
FNDA:0,emitSessionStop
FNDA:0,emitSessionClear
FNDA:0,emitSessionExport
FNDA:0,emitSessionImport
FNDA:0,emitBulkPricingRefresh
FNDA:2,emitVoiceStart
FNDA:0,emitVoiceStop
FNDA:0,emitVoiceTest
FNDA:1,emitQuantityAdjust
FNDA:0,emitCardRemove
FNDA:0,emitPricingRefresh
FNDA:2,emitSettingsSave
FNDA:0,emitSettingsShow
FNDA:0,emitSetSwitched
DA:1,1
DA:2,1
DA:3,1
DA:4,1
DA:5,1
DA:6,1
DA:7,1
DA:8,1
DA:9,1
DA:10,1
DA:11,1
DA:13,1
DA:14,1
DA:16,1
DA:17,1
DA:18,184
DA:19,184
DA:20,184
DA:21,184
DA:22,184
DA:23,184
DA:24,184
DA:25,184
DA:26,184
DA:27,184
DA:28,184
DA:29,184
DA:30,184
DA:31,184
DA:32,184
DA:33,184
DA:34,184
DA:35,184
DA:36,184
DA:37,184
DA:38,184
DA:39,184
DA:40,184
DA:41,184
DA:42,184
DA:43,184
DA:44,184
DA:45,184
DA:46,184
DA:47,184
DA:48,184
DA:49,184
DA:50,184
DA:51,184
DA:52,184
DA:53,184
DA:54,184
DA:55,184
DA:56,184
DA:57,184
DA:58,184
DA:59,184
DA:60,184
DA:61,184
DA:63,1
DA:64,1
DA:65,1
DA:66,1
DA:67,48
DA:68,48
DA:69,48
DA:70,48
DA:71,48
DA:72,48
DA:73,48
DA:74,48
DA:75,48
DA:76,48
DA:77,48
DA:78,48
DA:79,48
DA:80,48
DA:81,48
DA:82,48
DA:83,48
DA:84,48
DA:85,48
DA:86,48
DA:87,48
DA:88,48
DA:89,48
DA:90,1
DA:91,1
DA:92,1
DA:93,48
DA:95,1
DA:96,1
DA:97,1
DA:98,1
DA:99,88
DA:100,88
DA:101,88
DA:102,88
DA:103,88
DA:104,88
DA:105,88
DA:106,88
DA:107,88
DA:108,88
DA:109,88
DA:110,88
DA:111,88
DA:112,88
DA:113,88
DA:114,88
DA:115,88
DA:116,88
DA:117,88
DA:118,88
DA:119,88
DA:120,88
DA:121,88
DA:122,88
DA:123,88
DA:124,88
DA:125,88
DA:126,88
DA:127,88
DA:128,88
DA:129,88
DA:130,88
DA:131,88
DA:132,88
DA:133,88
DA:134,88
DA:135,88
DA:136,88
DA:137,88
DA:138,88
DA:139,88
DA:140,88
DA:141,88
DA:142,88
DA:143,88
DA:144,88
DA:145,88
DA:146,88
DA:147,88
DA:148,88
DA:149,88
DA:150,88
DA:151,88
DA:152,88
DA:153,88
DA:154,88
DA:155,88
DA:156,88
DA:157,88
DA:158,88
DA:159,88
DA:160,88
DA:161,88
DA:162,88
DA:163,88
DA:164,88
DA:165,88
DA:166,88
DA:167,88
DA:168,88
DA:169,88
DA:170,88
DA:171,88
DA:172,88
DA:173,88
DA:174,88
DA:175,88
DA:176,88
DA:177,88
DA:178,88
DA:180,1
DA:181,1
DA:182,1
DA:183,1
DA:184,49
DA:185,49
DA:186,98
DA:187,0
DA:188,0
DA:189,98
DA:190,49
DA:192,49
DA:193,49
DA:194,49
DA:195,0
DA:196,0
DA:197,49
DA:198,49
DA:200,49
DA:201,49
DA:202,0
DA:203,49
DA:204,49
DA:206,49
DA:207,49
DA:208,49
DA:209,49
DA:210,49
DA:211,0
DA:212,0
DA:213,0
DA:214,0
DA:215,49
DA:216,49
DA:218,49
DA:219,49
DA:220,0
DA:221,49
DA:222,49
DA:224,49
DA:225,49
DA:226,0
DA:227,49
DA:228,49
DA:230,49
DA:231,49
DA:232,0
DA:233,49
DA:234,49
DA:236,49
DA:237,49
DA:238,0
DA:239,49
DA:240,49
DA:242,49
DA:243,49
DA:244,0
DA:245,0
DA:246,0
DA:247,0
DA:248,0
DA:249,0
DA:250,49
DA:251,49
DA:253,49
DA:254,49
DA:255,49
DA:256,0
DA:257,49
DA:258,49
DA:260,49
DA:261,49
DA:262,0
DA:263,49
DA:264,49
DA:266,49
DA:267,49
DA:268,0
DA:269,49
DA:270,49
DA:272,49
DA:273,49
DA:274,36
DA:275,0
DA:276,36
DA:277,36
DA:279,49
DA:280,36
DA:281,0
DA:282,36
DA:283,36
DA:285,49
DA:286,49
DA:287,49
DA:288,0
DA:289,49
DA:290,49
DA:292,49
DA:293,49
DA:294,0
DA:295,49
DA:296,49
DA:298,49
DA:299,49
DA:300,0
DA:301,49
DA:302,49
DA:304,49
DA:305,49
DA:306,0
DA:307,49
DA:308,49
DA:310,49
DA:311,49
DA:312,49
DA:313,0
DA:314,49
DA:315,49
DA:317,49
DA:318,49
DA:319,0
DA:320,49
DA:321,49
DA:323,49
DA:324,49
DA:325,49
DA:326,0
DA:327,49
DA:328,49
DA:330,49
DA:331,49
DA:332,0
DA:333,49
DA:334,49
DA:336,49
DA:337,49
DA:338,49
DA:339,0
DA:340,0
DA:341,0
DA:342,49
DA:343,49
DA:345,49
DA:346,49
DA:347,0
DA:348,49
DA:350,49
DA:351,49
DA:352,0
DA:353,49
DA:355,49
DA:356,49
DA:358,1
DA:359,1
DA:360,1
DA:361,1
DA:362,48
DA:363,48
DA:364,48
DA:365,48
DA:366,48
DA:367,48
DA:368,48
DA:369,48
DA:370,48
DA:371,48
DA:372,48
DA:373,48
DA:374,48
DA:375,48
DA:376,48
DA:378,1
DA:379,1
DA:380,1
DA:381,1
DA:382,51
DA:383,51
DA:384,51
DA:385,51
DA:386,51
DA:387,51
DA:388,51
DA:389,51
DA:390,51
DA:391,51
DA:392,51
DA:394,1
DA:395,1
DA:396,1
DA:397,1
DA:398,49
DA:399,49
DA:400,14
DA:401,14
DA:402,14
DA:403,14
DA:404,14
DA:405,49
DA:406,49
DA:407,49
DA:408,49
DA:409,49
DA:410,49
DA:412,1
DA:413,1
DA:414,1
DA:415,1
DA:416,59
DA:417,59
DA:418,59
DA:419,59
DA:420,114
DA:421,114
DA:422,114
DA:423,59
DA:424,59
DA:425,59
DA:426,59
DA:427,114
DA:428,114
DA:429,114
DA:430,114
DA:431,59
DA:432,59
DA:433,59
DA:434,59
DA:435,59
DA:436,59
DA:437,59
DA:438,42
DA:439,42
DA:440,42
DA:441,59
DA:443,1
DA:444,1
DA:445,1
DA:446,1
DA:447,1
DA:448,1
DA:449,1
DA:450,0
DA:451,0
DA:452,1
DA:454,1
DA:455,1
DA:456,1
DA:457,1
DA:458,6
DA:459,6
DA:460,6
DA:461,6
DA:462,6
DA:463,6
DA:464,6
DA:465,6
DA:466,6
DA:468,1
DA:469,1
DA:470,1
DA:471,1
DA:472,9
DA:473,9
DA:474,9
DA:475,7
DA:476,7
DA:477,7
DA:478,9
DA:479,9
DA:480,7
DA:481,7
DA:482,7
DA:483,9
DA:484,9
DA:485,7
DA:486,7
DA:487,7
DA:488,2
DA:489,2
DA:490,2
DA:491,2
DA:492,9
DA:494,1
DA:495,1
DA:496,1
DA:497,1
DA:498,2
DA:499,2
DA:500,2
DA:501,1
DA:502,1
DA:503,1
DA:504,2
DA:506,1
DA:507,1
DA:508,1
DA:509,1
DA:510,8
DA:511,2
DA:512,2
DA:513,6
DA:514,6
DA:515,6
DA:516,6
DA:517,6
DA:518,6
DA:519,6
DA:520,6
DA:521,8
DA:522,8
DA:523,6
DA:524,8
DA:525,8
DA:526,8
DA:527,6
DA:528,6
DA:529,6
DA:530,6
DA:531,6
DA:532,6
DA:533,3
DA:534,3
DA:535,6
DA:536,0
DA:537,0
DA:538,0
DA:539,0
DA:540,0
DA:541,0
DA:542,0
DA:543,0
DA:544,0
DA:545,0
DA:546,0
DA:547,0
DA:548,0
DA:549,0
DA:550,0
DA:551,0
DA:552,0
DA:553,0
DA:554,0
DA:555,0
DA:556,0
DA:557,0
DA:558,0
DA:559,0
DA:560,0
DA:561,8
DA:563,1
DA:564,1
DA:565,1
DA:566,1
DA:567,7
DA:568,7
DA:569,6
DA:570,6
DA:571,6
DA:572,6
DA:573,5
DA:574,5
DA:575,5
DA:576,5
DA:577,5
DA:578,5
DA:579,5
DA:580,5
DA:581,5
DA:582,5
DA:583,5
DA:584,5
DA:585,5
DA:586,5
DA:587,5
DA:588,5
DA:589,5
DA:590,5
DA:591,5
DA:592,0
DA:593,0
DA:594,0
DA:595,2
DA:596,2
DA:597,2
DA:598,2
DA:599,2
DA:600,2
DA:601,2
DA:602,2
DA:603,2
DA:604,2
DA:605,2
DA:606,2
DA:607,2
DA:608,2
DA:609,2
DA:610,2
DA:611,7
DA:613,1
DA:614,1
DA:615,1
DA:616,1
DA:617,8
DA:618,3
DA:619,3
DA:620,3
DA:621,3
DA:622,3
DA:623,3
DA:624,3
DA:625,3
DA:626,3
DA:627,3
DA:628,3
DA:629,3
DA:630,3
DA:631,3
DA:632,3
DA:633,3
DA:634,5
DA:635,5
DA:636,5
DA:637,5
DA:638,6
DA:639,4
DA:640,4
DA:641,4
DA:642,4
DA:643,4
DA:644,4
DA:645,4
DA:646,4
DA:647,8
DA:648,8
DA:649,8
DA:650,8
DA:651,8
DA:652,8
DA:653,8
DA:654,8
DA:655,8
DA:656,8
DA:657,8
DA:658,8
DA:659,8
DA:660,8
DA:661,8
DA:662,8
DA:663,8
DA:664,8
DA:665,8
DA:666,8
DA:667,8
DA:668,8
DA:669,8
DA:670,8
DA:671,8
DA:672,8
DA:673,8
DA:674,8
DA:675,8
DA:676,8
DA:677,8
DA:678,8
DA:679,8
DA:680,8
DA:681,8
DA:682,8
DA:683,8
DA:684,8
DA:685,8
DA:686,8
DA:687,8
DA:688,8
DA:689,8
DA:690,8
DA:691,8
DA:692,8
DA:693,8
DA:694,8
DA:695,8
DA:696,8
DA:697,8
DA:698,8
DA:699,8
DA:700,8
DA:701,8
DA:702,8
DA:703,8
DA:704,8
DA:705,8
DA:706,8
DA:707,0
DA:708,0
DA:709,0
DA:710,0
DA:711,0
DA:712,0
DA:713,8
DA:714,8
DA:715,3
DA:716,3
DA:717,3
DA:718,3
DA:719,8
DA:720,2
DA:721,2
DA:722,2
DA:723,2
DA:724,8
DA:725,8
DA:726,8
DA:727,8
DA:728,8
DA:729,8
DA:730,8
DA:731,8
DA:732,8
DA:733,8
DA:734,8
DA:736,1
DA:737,1
DA:738,1
DA:739,1
DA:740,6
DA:741,6
DA:742,6
DA:743,6
DA:744,6
DA:745,6
DA:746,6
DA:747,5
DA:748,5
DA:749,6
DA:750,6
DA:751,6
DA:752,4
DA:753,4
DA:754,2
DA:755,2
DA:756,4
DA:757,2
DA:758,2
DA:759,4
DA:760,1
DA:761,1
DA:762,4
DA:763,6
DA:764,6
DA:765,6
DA:766,6
DA:767,6
DA:768,6
DA:769,6
DA:770,6
DA:771,6
DA:772,6
DA:773,6
DA:774,6
DA:775,4
DA:776,4
DA:777,4
DA:778,4
DA:779,6
DA:780,6
DA:781,6
DA:782,6
DA:784,1
DA:785,1
DA:786,1
DA:787,1
DA:788,1
DA:789,1
DA:790,1
DA:791,1
DA:792,1
DA:793,1
DA:794,1
DA:795,1
DA:796,1
DA:797,1
DA:798,1
DA:799,0
DA:800,0
DA:801,0
DA:802,0
DA:803,0
DA:804,0
DA:805,0
DA:806,0
DA:807,1
DA:808,0
DA:809,0
DA:810,0
DA:811,0
DA:812,0
DA:813,0
DA:814,0
DA:815,0
DA:816,0
DA:817,1
DA:818,0
DA:819,1
DA:820,1
DA:822,1
DA:823,1
DA:824,1
DA:825,1
DA:826,3
DA:827,3
DA:828,3
DA:829,3
DA:831,1
DA:832,1
DA:833,1
DA:834,1
DA:835,3
DA:836,3
DA:837,3
DA:838,1
DA:839,2
DA:840,2
DA:841,2
DA:842,3
DA:844,1
DA:845,1
DA:846,1
DA:847,1
[...]
DA:23,112
DA:24,112
DA:25,112
DA:26,112
DA:27,112
DA:28,112
DA:29,112
DA:30,112
DA:31,112
DA:32,112
DA:33,112
DA:34,112
DA:35,112
DA:36,112
DA:37,112
DA:38,112
DA:39,112
DA:41,1
DA:42,1
DA:43,1
DA:44,1
DA:45,112
DA:46,112
DA:47,112
DA:48,112
DA:49,112
DA:50,112
DA:51,112
DA:53,112
DA:54,112
DA:55,112
DA:56,112
DA:57,112
DA:58,112
DA:59,112
DA:61,112
DA:62,112
DA:63,112
DA:64,112
DA:65,112
DA:66,112
DA:67,112
DA:69,112
DA:70,112
DA:71,112
DA:72,112
DA:73,112
DA:75,1
DA:76,1
DA:77,1
DA:78,1
DA:79,8
DA:80,8
DA:81,8
DA:82,8
DA:83,8
DA:84,8
DA:85,8
DA:86,8
DA:87,8
DA:88,8
DA:89,8
DA:90,8
DA:91,8
DA:92,0
DA:93,0
DA:94,0
DA:95,8
DA:97,1
DA:98,1
DA:99,1
DA:100,1
DA:101,11
DA:102,11
DA:103,11
DA:104,9
DA:105,9
DA:106,9
DA:107,11
DA:108,0
DA:109,0
DA:110,0
DA:111,11
DA:112,10
DA:113,10
DA:114,10
DA:115,11
DA:117,1
DA:118,1
DA:119,1
DA:120,1
DA:121,11
DA:122,11
DA:123,11
DA:124,10
DA:125,10
DA:126,10
DA:127,1
DA:128,1
DA:129,1
DA:130,10
DA:131,10
DA:132,10
DA:133,10
DA:134,11
DA:135,9
DA:136,9
DA:137,11
DA:139,1
DA:140,1
DA:141,1
DA:142,1
DA:143,6
DA:144,6
DA:145,6
DA:146,6
DA:147,6
DA:148,6
DA:149,1
DA:150,1
DA:151,5
DA:152,5
DA:153,5
DA:154,5
DA:155,5
DA:156,1
DA:157,1
DA:158,4
DA:159,4
DA:160,4
DA:161,4
DA:162,6
DA:164,1
DA:165,1
DA:166,1
DA:167,1
DA:168,7
DA:169,7
DA:170,7
DA:171,7
DA:172,7
DA:173,1
DA:174,1
DA:175,1
DA:176,3
DA:177,4
DA:178,1
DA:179,1
DA:180,1
DA:181,1
DA:182,1
DA:183,1
DA:184,1
DA:185,2
DA:186,2
DA:187,2
DA:188,2
DA:189,2
DA:190,2
DA:191,1
DA:192,1
DA:193,1
DA:194,1
DA:195,1
DA:196,1
DA:197,1
DA:198,1
DA:199,1
DA:200,1
DA:201,1
DA:202,7
DA:203,7
DA:204,7
DA:205,7
DA:206,4
DA:207,4
DA:208,4
DA:209,1
DA:210,1
DA:211,1
DA:212,1
DA:213,1
DA:214,1
DA:215,1
DA:216,3
DA:217,3
DA:218,3
DA:219,7
DA:221,1
DA:222,1
DA:223,1
DA:224,1
DA:225,5
DA:226,5
DA:227,5
DA:228,5
DA:229,5
DA:230,5
DA:231,5
DA:232,5
DA:233,5
DA:234,5
DA:235,5
DA:236,1
DA:237,1
DA:238,1
DA:239,1
DA:240,1
DA:241,1
DA:242,1
DA:243,1
DA:244,1
DA:245,1
DA:246,1
DA:247,1
DA:248,5
DA:249,4
DA:250,4
DA:251,4
DA:252,4
DA:253,4
DA:254,4
DA:255,1
DA:256,1
DA:257,1
DA:258,4
DA:259,1
DA:260,1
DA:261,4
DA:262,1
DA:263,1
DA:264,4
DA:265,0
DA:266,0
DA:267,4
DA:268,1
DA:269,1
DA:270,4
DA:271,0
DA:272,4
DA:273,4
DA:274,4
DA:275,4
DA:276,4
DA:277,4
DA:278,4
DA:279,4
DA:280,4
DA:281,5
DA:283,1
DA:284,1
DA:285,1
DA:286,1
DA:287,5
DA:288,5
DA:289,5
DA:290,5
DA:291,5
DA:292,5
DA:293,3
DA:294,3
DA:295,1
DA:296,3
DA:297,2
DA:298,2
DA:299,3
DA:300,3
DA:301,3
DA:302,3
DA:303,3
DA:304,3
DA:305,3
DA:306,5
DA:307,5
DA:308,5
DA:309,1
DA:310,1
DA:311,1
DA:312,1
DA:313,1
DA:314,1
DA:315,1
DA:316,1
DA:317,0
DA:318,0
DA:319,1
DA:320,1
DA:321,1
DA:322,1
DA:323,1
DA:324,1
DA:325,1
DA:326,5
DA:327,5
DA:328,5
DA:329,5
DA:330,1
DA:331,1
DA:332,1
DA:333,5
DA:334,2
DA:335,2
DA:336,1
DA:337,1
DA:338,0
DA:339,1
DA:340,1
DA:341,1
DA:342,5
DA:343,5
DA:345,1
DA:346,1
DA:347,1
DA:348,1
DA:349,1
DA:350,1
DA:351,1
DA:352,1
DA:353,1
DA:355,1
DA:356,1
DA:357,1
DA:358,1
DA:359,5
DA:360,5
DA:361,5
DA:362,5
DA:363,5
DA:364,5
DA:365,5
DA:366,5
DA:367,5
DA:368,5
DA:369,1
DA:370,1
DA:371,1
DA:372,1
DA:373,1
DA:374,1
DA:375,1
DA:376,0
DA:377,0
DA:378,0
DA:379,0
DA:380,0
DA:381,0
DA:382,1
DA:383,1
DA:384,1
DA:385,1
DA:386,5
DA:387,1
DA:388,1
DA:389,1
DA:390,1
DA:391,1
DA:392,1
DA:393,1
DA:394,1
DA:395,1
DA:396,1
DA:397,4
DA:398,1
DA:399,1
DA:400,1
DA:401,1
DA:402,1
DA:403,1
DA:404,1
DA:405,1
DA:406,1
DA:407,3
DA:408,2
DA:409,2
DA:410,2
DA:411,2
DA:412,2
DA:413,2
DA:414,2
DA:415,2
DA:416,5
DA:417,5
DA:418,5
DA:420,1
DA:421,1
DA:422,1
DA:423,1
DA:424,1
DA:425,1
DA:426,1
DA:427,1
DA:428,1
DA:429,1
DA:430,1
DA:431,1
DA:433,1
DA:434,1
DA:435,1
DA:436,1
DA:437,1
DA:438,1
DA:439,1
DA:441,1
DA:442,1
DA:443,1
DA:444,1
DA:445,112
DA:446,112
DA:447,112
DA:448,4
DA:449,112
DA:450,87
DA:451,108
DA:452,10
DA:453,21
DA:454,2
DA:455,11
DA:456,0
DA:457,9
DA:458,9
DA:459,9
DA:460,112
DA:462,1
DA:463,1
DA:464,1
DA:465,1
DA:466,112
DA:467,112
DA:468,112
DA:469,112
DA:470,2
DA:471,112
DA:472,6
DA:473,110
DA:474,2
DA:475,104
DA:476,4
DA:477,102
DA:478,98
DA:479,98
DA:480,112
DA:482,1
DA:483,1
DA:484,1
DA:485,1
DA:486,3
DA:487,3
DA:488,1
DA:489,1
DA:490,1
DA:491,1
DA:492,1
DA:493,2
DA:494,2
DA:495,2
DA:496,3
DA:497,3
DA:498,3
DA:499,3
DA:500,3
DA:501,3
DA:502,1
DA:503,1
DA:504,1
DA:505,1
DA:506,1
DA:507,1
DA:508,1
DA:509,1
DA:510,1
DA:511,1
DA:512,3
DA:514,1
DA:515,1
DA:516,2
DA:517,2
DA:519,1
DA:520,3
DA:521,2
DA:522,2
DA:523,2
DA:524,1
DA:525,1
DA:526,3
DA:527,3
DA:528,1
LF:506
LH:487
BRDA:18,0,0,112
BRDA:44,1,0,112
BRDA:48,2,0,3
BRDA:49,3,0,3
BRDA:70,4,0,224
BRDA:72,5,0,336
BRDA:78,6,0,8
BRDA:91,7,0,0
BRDA:100,8,0,11
BRDA:103,9,0,9
BRDA:107,10,0,0
BRDA:111,11,0,10
BRDA:120,12,0,11
BRDA:123,13,0,10
BRDA:134,14,0,9
BRDA:126,15,0,1
BRDA:142,16,0,6
BRDA:148,17,0,1
BRDA:150,18,0,5
BRDA:155,19,0,4
BRDA:155,20,0,1
BRDA:146,21,0,8
BRDA:167,22,0,7
BRDA:172,23,0,4
BRDA:172,24,0,1
BRDA:175,25,0,3
BRDA:177,26,0,1
BRDA:184,27,0,2
BRDA:190,28,0,1
BRDA:202,29,0,0
BRDA:205,30,0,4
BRDA:208,31,0,1
BRDA:215,32,0,3
BRDA:193,33,0,1
BRDA:224,34,0,5
BRDA:235,35,0,1
BRDA:248,36,0,4
BRDA:254,37,0,1
BRDA:258,38,0,1
BRDA:261,39,0,1
BRDA:264,40,0,0
BRDA:267,41,0,1
BRDA:270,42,0,0
BRDA:238,43,0,1
BRDA:286,44,0,5
BRDA:287,45,0,5
BRDA:329,46,0,1
BRDA:329,47,0,1
BRDA:333,48,0,4
BRDA:333,49,0,2
BRDA:335,50,0,1
BRDA:337,51,0,0
BRDA:292,52,0,3
BRDA:294,53,0,1
BRDA:296,54,0,2
BRDA:295,55,0,1
BRDA:308,56,0,1
BRDA:313,57,0,0
BRDA:316,58,0,0
BRDA:348,59,0,1
BRDA:358,60,0,5
BRDA:368,61,0,1
BRDA:375,62,0,0
BRDA:386,63,0,4
BRDA:386,64,0,1
BRDA:397,65,0,3
BRDA:397,66,0,1
BRDA:407,67,0,2
BRDA:423,68,0,1
BRDA:436,69,0,1
BRDA:444,70,0,112
BRDA:447,71,0,108
BRDA:447,72,0,4
BRDA:449,73,0,108
BRDA:449,74,0,87
BRDA:451,75,0,21
BRDA:451,76,0,10
BRDA:453,77,0,11
BRDA:453,78,0,2
BRDA:455,79,0,9
BRDA:455,80,0,0
BRDA:465,81,0,112
BRDA:469,82,0,2
BRDA:471,83,0,110
BRDA:471,84,0,6
BRDA:473,85,0,104
BRDA:473,86,0,2
BRDA:475,87,0,102
BRDA:475,88,0,4
BRDA:475,89,0,4
BRDA:477,90,0,98
BRDA:485,91,0,3
BRDA:487,92,0,1
BRDA:492,93,0,2
BRDA:496,94,0,1
BRDA:496,95,0,1
BRDA:497,96,0,1
BRDA:498,97,0,1
BRDA:501,98,0,1
BRDA:515,99,0,2
BRDA:519,100,0,3
BRDA:520,101,0,2
BRDA:523,102,0,1
BRF:103
BRH:93
end_of_record
TN:
SF:src/js/voice/VoiceEngine.js
FN:18,VoiceEngine
FN:79,updateConfig
FN:109,reinitialize
FN:115,initialize
FN:174,isEnvironmentSupported
FN:195,requestMicrophonePermission
FN:240,initializeEngines
FN:256,initializeWebSpeechEngine
FN:273,recognition.onstart
FN:279,recognition.onend
FN:297,recognition.onresult
FN:301,recognition.onerror
FN:324,selectBestEngine
FN:348,startListening
FN:389,startEngineWithTimeout
FN:397,engine.instance.onstart
FN:416,stopListening
FN:443,testRecognition
FN:456,testResultHandler
FN:463,testErrorHandler
FN:492,handleRecognitionResult
FN:550,handleRecognitionError
FN:615,attemptRecovery
FN:644,loadCardNameOptimizations
FN:676,replacement
FN:703,optimizeCardNameRecognition
FN:731,applyPlatformOptimizations
FN:757,detectPlatform
FN:778,isAvailable
FN:785,getStatus
FN:800,updateConfig
FN:841,handleError
FN:861,createUserFriendlyError
FN:906,scheduleRetry
FN:938,getEngineForPlatform
FN:957,setupErrorRecovery
FN:967,onResult
FN:971,onError
FN:975,onStatusChange
FN:979,onPermissionChange
FN:983,emitResult
FN:993,emitError
FN:1003,emitStatusChange
FN:1013,emitPermissionChange
FN:1023,restoreListeners
FNF:45
FNH:39
FNDA:48,VoiceEngine
FNDA:0,updateConfig
FNDA:1,reinitialize
FNDA:30,initialize
FNDA:29,isEnvironmentSupported
FNDA:28,requestMicrophonePermission
FNDA:24,initializeEngines
FNDA:24,initializeWebSpeechEngine
FNDA:0,recognition.onstart
FNDA:6,recognition.onend
FNDA:6,recognition.onresult
FNDA:1,recognition.onerror
FNDA:24,selectBestEngine
FNDA:10,startListening
FNDA:8,startEngineWithTimeout
FNDA:5,engine.instance.onstart
FNDA:3,stopListening
FNDA:2,testRecognition
FNDA:1,testResultHandler
FNDA:1,testErrorHandler
FNDA:9,handleRecognitionResult
FNDA:5,handleRecognitionError
FNDA:5,attemptRecovery
FNDA:24,loadCardNameOptimizations
FNDA:0,replacement
FNDA:12,optimizeCardNameRecognition
FNDA:25,applyPlatformOptimizations
FNDA:48,detectPlatform
FNDA:1,isAvailable
FNDA:1,getStatus
FNDA:4,updateConfig
FNDA:6,handleError
FNDA:6,createUserFriendlyError
FNDA:6,scheduleRetry
FNDA:0,getEngineForPlatform
FNDA:24,setupErrorRecovery
FNDA:8,onResult
FNDA:7,onError
FNDA:4,onStatusChange
FNDA:0,onPermissionChange
FNDA:9,emitResult
FNDA:16,emitError
FNDA:39,emitStatusChange
FNDA:0,emitPermissionChange
FNDA:2,restoreListeners
DA:1,1
DA:2,1
DA:3,1
DA:4,1
DA:5,1
DA:6,1
DA:7,1
DA:8,1
DA:9,1
DA:10,1
DA:11,1
DA:12,1
DA:13,1
DA:15,1
DA:17,1
DA:18,1
DA:19,48
DA:20,48
DA:21,48
DA:22,48
DA:23,48
DA:24,48
DA:25,48
DA:26,48
DA:27,48
DA:28,48
DA:29,48
DA:30,48
DA:31,48
DA:32,48
DA:33,48
DA:34,48
DA:35,48
DA:36,48
DA:37,48
DA:38,48
DA:39,48
DA:40,48
DA:41,48
DA:42,48
DA:43,48
DA:44,48
DA:45,48
DA:46,48
DA:47,48
DA:48,48
DA:49,48
DA:50,48
DA:51,48
DA:52,48
DA:53,48
DA:54,48
DA:55,48
DA:56,48
DA:57,48
DA:58,48
DA:59,48
DA:60,48
DA:61,48
DA:62,48
DA:63,48
DA:64,48
DA:65,48
DA:66,48
DA:67,48
DA:68,48
DA:69,48
DA:70,48
DA:72,1
DA:73,1
DA:74,1
DA:75,1
DA:76,1
DA:77,1
DA:78,1
DA:79,1
DA:80,0
DA:81,0
DA:82,0
DA:83,0
DA:84,0
DA:85,0
DA:86,0
DA:87,0
DA:88,0
DA:89,0
DA:90,0
DA:91,0
DA:92,0
DA:93,0
DA:94,0
DA:95,0
DA:96,0
DA:97,0
DA:98,0
DA:99,0
DA:100,0
DA:101,0
DA:102,0
DA:103,0
DA:104,0
DA:105,1
DA:106,1
DA:107,1
DA:108,1
DA:109,1
DA:110,1
DA:111,1
DA:112,1
DA:113,1
DA:114,1
DA:115,1
DA:116,30
DA:117,1
DA:118,1
DA:120,29
DA:121,29
DA:122,29
DA:123,29
DA:124,29
DA:125,29
DA:126,29
DA:127,29
DA:128,30
DA:129,1
DA:130,1
DA:131,28
DA:132,28
DA:133,28
DA:134,28
DA:135,28
DA:136,28
DA:137,30
DA:138,4
DA:139,4
DA:140,24
DA:141,24
DA:142,24
DA:143,24
DA:144,24
DA:145,24
DA:146,24
DA:147,24
DA:148,24
DA:149,24
DA:150,24
DA:151,24
DA:152,24
DA:153,24
DA:154,24
DA:155,24
DA:156,24
DA:157,24
DA:158,24
DA:159,24
DA:160,24
DA:161,24
DA:162,30
DA:163,5
DA:164,5
DA:165,5
DA:166,5
DA:167,5
DA:168,5
DA:169,30
DA:171,1
DA:172,1
DA:173,1
DA:174,1
DA:175,29
DA:176,29
DA:177,1
DA:178,1
DA:179,1
DA:180,28
DA:181,28
DA:182,29
DA:183,29
DA:184,29
DA:185,0
DA:186,0
DA:187,0
DA:188,28
DA:189,28
DA:190,29
DA:192,1
DA:193,1
DA:194,1
DA:195,1
DA:196,28
DA:197,28
DA:198,28
DA:199,28
DA:200,25
DA:201,25
DA:202,24
DA:203,24
DA:204,25
DA:205,1
DA:206,1
DA:207,1
DA:208,1
DA:209,1
DA:210,1
DA:211,1
DA:212,0
DA:213,0
DA:214,0
DA:215,0
DA:216,28
DA:217,28
DA:218,3
DA:219,3
DA:220,3
DA:221,3
DA:222,3
DA:223,3
DA:224,3
DA:225,3
DA:226,3
DA:227,3
DA:228,3
DA:229,3
DA:230,3
DA:231,3
DA:232,3
DA:233,3
DA:234,3
DA:235,28
DA:237,1
DA:238,1
DA:239,1
DA:240,1
DA:241,24
DA:242,24
DA:243,24
DA:244,24
DA:245,24
DA:246,24
DA:247,24
DA:248,24
DA:249,24
DA:250,24
DA:251,24
DA:253,1
DA:254,1
DA:255,1
DA:256,1
DA:257,24
DA:258,24
DA:259,24
DA:260,24
DA:261,0
DA:262,0
DA:263,24
DA:264,24
DA:265,24
DA:266,24
DA:267,24
DA:268,24
DA:269,24
DA:270,24
DA:271,24
DA:272,24
DA:273,24
DA:274,0
DA:275,0
DA:276,0
DA:277,24
DA:278,24
DA:279,24
DA:280,6
DA:281,6
DA:282,6
DA:283,6
DA:284,6
DA:285,4
DA:286,3
DA:287,3
DA:288,0
DA:289,3
DA:290,3
DA:291,4
DA:292,6
DA:293,2
DA:294,2
DA:295,24
DA:296,24
DA:297,24
DA:298,6
DA:299,24
DA:300,24
DA:301,24
DA:302,1
DA:303,24
DA:304,24
DA:305,24
DA:306,24
DA:307,24
DA:308,24
DA:309,24
DA:310,24
DA:311,24
DA:312,24
DA:313,24
DA:314,24
DA:315,24
DA:316,24
DA:317,0
DA:318,0
DA:319,24
DA:321,1
DA:322,1
DA:323,1
DA:324,1
DA:325,24
DA:326,24
DA:327,24
DA:328,24
DA:329,24
DA:330,24
DA:331,24
DA:332,24
DA:333,24
DA:334,24
DA:335,24
DA:336,24
DA:337,24
DA:338,24
DA:339,24
DA:340,24
DA:341,0
DA:342,0
DA:343,24
DA:345,1
DA:346,1
DA:347,1
DA:348,1
DA:349,10
DA:350,1
DA:351,1
DA:352,1
DA:353,9
DA:354,10
DA:355,1
DA:356,1
DA:357,1
DA:358,8
DA:359,8
DA:360,8
DA:361,8
DA:362,8
DA:363,8
DA:364,8
DA:365,8
DA:366,10
DA:367,0
DA:368,0
DA:369,8
DA:370,8
DA:371,8
DA:372,5
DA:373,5
DA:374,5
DA:375,10
DA:376,0
DA:377,0
DA:378,0
DA:379,0
DA:380,0
DA:381,0
DA:382,0
DA:383,0
DA:384,10
DA:386,1
DA:387,1
DA:388,1
DA:389,1
DA:390,8
DA:391,8
DA:392,0
DA:393,0
DA:394,8
DA:395,8
DA:396,8
DA:397,8
DA:398,5
DA:399,5
DA:400,5
DA:401,5
DA:402,8
DA:403,8
DA:404,8
DA:405,8
DA:406,8
DA:407,0
DA:408,0
DA:409,0
DA:410,8
DA:411,8
DA:413,1
DA:414,1
DA:415,1
DA:416,1
DA:417,3
DA:418,2
DA:419,2
DA:420,2
DA:421,1
DA:422,1
DA:423,1
DA:424,1
DA:425,1
DA:426,1
DA:427,1
DA:428,3
DA:429,1
DA:430,1
DA:431,1
DA:432,1
DA:433,1
DA:434,1
DA:435,3
DA:436,0
DA:437,0
DA:438,3
DA:440,1
DA:441,1
DA:442,1
DA:443,1
DA:444,2
DA:445,2
DA:446,2
DA:447,2
DA:448,2
DA:449,2
DA:450,2
DA:451,2
DA:452,2
DA:453,2
DA:454,2
DA:455,2
DA:456,2
DA:457,1
DA:458,1
DA:459,1
DA:460,1
DA:461,2
DA:462,2
DA:463,2
DA:464,1
DA:465,1
DA:466,1
DA:467,1
DA:468,2
DA:469,2
DA:470,2
DA:471,2
DA:472,2
DA:473,2
DA:474,2
DA:475,2
DA:476,2
DA:477,2
DA:478,2
DA:479,0
DA:480,0
DA:481,0
DA:482,0
DA:483,0
DA:484,0
DA:485,2
DA:486,2
DA:487,2
DA:489,1
DA:490,1
DA:491,1
DA:492,1
DA:493,9
DA:494,9
DA:495,9
DA:496,9
DA:497,9
DA:498,1
DA:499,1
DA:500,8
DA:501,8
DA:502,8
DA:503,8
DA:504,8
DA:505,8
DA:506,8
DA:507,8
DA:508,8
DA:509,8
DA:510,8
DA:511,9
DA:512,1
DA:513,1
DA:514,1
DA:515,7
DA:516,7
DA:517,7
DA:518,7
DA:519,7
DA:520,7
DA:521,7
DA:522,7
DA:523,7
DA:524,7
DA:525,7
DA:526,7
DA:527,7
DA:528,7
DA:529,7
DA:530,7
DA:531,7
DA:532,7
DA:533,7
DA:534,7
DA:535,7
DA:536,7
DA:537,9
DA:538,0
DA:539,0
DA:540,0
DA:541,0
DA:542,0
DA:543,0
DA:544,0
DA:545,9
DA:547,1
DA:548,1
DA:549,1
DA:550,1
DA:551,5
DA:552,5
DA:553,5
DA:554,5
DA:555,5
DA:556,5
DA:557,5
DA:558,5
DA:559,1
DA:560,1
DA:561,1
DA:562,1
DA:563,5
DA:564,1
DA:565,1
DA:566,1
DA:567,1
DA:568,5
DA:569,0
DA:570,0
DA:571,0
DA:572,0
DA:573,5
DA:574,3
DA:575,3
DA:576,3
DA:577,3
DA:578,5
DA:579,0
DA:580,0
DA:581,0
DA:582,0
DA:583,5
DA:584,0
DA:585,0
DA:586,0
DA:587,0
DA:588,5
DA:589,0
DA:590,0
DA:591,0
DA:592,5
DA:593,5
DA:594,5
DA:595,5
DA:596,5
DA:597,5
DA:598,4
DA:599,5
DA:600,1
DA:601,1
DA:602,5
DA:603,5
DA:604,5
DA:605,5
DA:606,5
DA:607,5
DA:608,5
DA:609,5
DA:610,5
DA:612,1
DA:613,1
DA:614,1
DA:615,1
DA:616,5
DA:617,1
DA:618,1
DA:619,1
DA:620,1
DA:621,1
DA:622,4
DA:623,4
DA:624,4
DA:625,4
DA:626,4
DA:627,4
DA:628,4
DA:629,4
DA:630,4
DA:631,0
DA:632,0
DA:633,0
DA:634,0
DA:635,0
DA:636,0
DA:637,0
DA:638,0
DA:639,5
DA:641,1
DA:642,1
DA:643,1
DA:644,1
DA:645,24
DA:646,0
DA:647,0
DA:648,24
DA:649,24
DA:650,24
DA:651,24
DA:652,24
DA:653,24
DA:654,24
DA:655,24
DA:656,24
DA:657,24
DA:658,24
DA:659,24
DA:660,24
DA:661,24
DA:662,24
DA:663,24
DA:664,24
DA:665,24
DA:666,24
DA:667,24
DA:668,24
DA:669,24
DA:670,24
DA:671,24
DA:672,24
DA:673,24
DA:674,24
DA:675,24
DA:676,24
DA:677,24
DA:678,24
DA:679,24
DA:680,24
DA:681,24
DA:682,24
DA:683,24
DA:684,24
DA:685,24
DA:686,24
DA:687,24
DA:688,24
DA:689,24
DA:690,24
DA:691,24
DA:692,24
DA:693,24
DA:694,24
DA:695,24
DA:696,24
DA:697,24
DA:698,24
DA:700,1
DA:701,1
DA:702,1
DA:703,1
DA:704,12
DA:705,1
DA:706,1
DA:707,11
DA:708,11
DA:709,11
DA:710,11
DA:711,12
DA:712,297
DA:713,297
DA:714,11
DA:715,11
DA:716,11
DA:717,11
DA:718,11
DA:719,11
DA:720,11
DA:721,11
DA:722,11
DA:723,11
DA:724,11
DA:725,11
DA:726,12
DA:728,1
DA:729,1
DA:730,1
DA:731,1
DA:732,25
DA:733,25
DA:734,25
DA:735,25
DA:736,25
DA:737,25
DA:738,25
DA:739,25
DA:740,25
DA:741,25
DA:742,25
DA:743,0
DA:744,0
DA:745,0
DA:746,25
DA:747,25
DA:748,0
DA:749,0
DA:750,0
DA:751,25
DA:752,25
DA:754,1
DA:755,1
DA:756,1
DA:757,1
DA:758,48
DA:759,48
DA:760,48
DA:761,10
DA:762,48
DA:763,36
DA:764,38
DA:765,2
DA:766,2
DA:767,0
DA:768,0
DA:769,0
DA:770,0
DA:771,0
DA:772,0
DA:773,48
DA:775,1
DA:776,1
DA:777,1
DA:778,1
DA:779,1
DA:780,1
DA:782,1
DA:783,1
DA:784,1
DA:785,1
DA:786,1
DA:787,1
DA:788,1
DA:789,1
DA:790,1
DA:791,1
DA:792,1
DA:793,1
DA:794,1
DA:795,1
DA:797,1
DA:798,1
DA:799,1
DA:800,1
DA:801,4
DA:802,3
DA:803,3
DA:804,3
DA:805,4
DA:806,4
DA:807,4
DA:808,4
DA:809,4
DA:810,4
DA:811,4
DA:812,4
DA:813,4
DA:814,15
DA:815,8
DA:816,8
DA:817,4
DA:818,4
DA:819,4
DA:820,4
DA:821,4
DA:822,4
DA:823,1
DA:824,1
DA:825,1
DA:826,1
DA:827,1
DA:828,1
DA:829,1
DA:830,1
DA:831,3
DA:832,3
DA:833,4
DA:834,1
DA:835,1
DA:836,4
DA:838,1
DA:839,1
DA:840,1
DA:841,1
DA:842,6
DA:844,6
DA:845,6
DA:846,6
DA:847,6
DA:848,6
DA:849,6
DA:850,6
DA:851,6
DA:852,6
DA:853,6
DA:854,6
DA:855,6
DA:856,6
DA:858,1
DA:859,1
DA:860,1
DA:861,1
DA:862,6
DA:863,6
DA:864,6
DA:865,6
DA:866,6
DA:867,6
DA:868,6
DA:869,6
DA:870,6
DA:872,6
DA:873,6
DA:874,4
DA:875,4
DA:876,4
DA:877,4
DA:878,4
DA:879,4
DA:880,4
DA:881,4
DA:882,6
DA:883,0
DA:884,0
DA:885,0
DA:886,0
DA:887,0
DA:888,0
DA:889,0
DA:890,2
DA:891,2
DA:892,2
DA:893,2
DA:894,2
DA:895,2
DA:896,2
DA:897,2
DA:898,2
DA:900,6
DA:901,6
DA:903,1
DA:904,1
DA:905,1
DA:906,1
DA:907,6
DA:908,6
DA:909,6
DA:910,6
DA:911,6
DA:912,6
DA:913,6
DA:914,0
DA:915,0
DA:916,0
DA:917,0
DA:918,0
DA:919,0
DA:920,0
DA:921,0
DA:922,0
DA:923,0
DA:924,0
DA:925,0
DA:926,0
DA:927,0
DA:928,0
DA:929,0
DA:930,0
DA:931,0
DA:932,6
DA:933,6
DA:935,1
DA:936,1
DA:937,1
DA:938,1
DA:939,0
DA:940,0
DA:941,0
DA:942,0
DA:943,0
DA:944,0
DA:945,0
DA:946,0
DA:947,0
DA:948,0
DA:949,0
DA:950,0
DA:951,0
DA:952,0
DA:954,1
DA:955,1
DA:956,1
DA:957,1
DA:958,24
DA:959,24
DA:960,0
DA:961,0
DA:962,24
DA:963,24
DA:964,24
DA:966,1
DA:967,1
DA:968,8
DA:969,8
DA:971,1
DA:972,7
DA:973,7
DA:975,1
DA:976,4
DA:977,4
DA:979,1
DA:980,0
DA:981,0
DA:983,1
DA:984,9
DA:985,4
DA:986,4
DA:987,4
DA:988,1
DA:989,1
DA:990,9
DA:991,9
DA:993,1
DA:994,16
DA:995,5
DA:996,5
DA:997,5
DA:998,0
DA:999,0
DA:1000,16
DA:1001,16
DA:1003,1
DA:1004,39
DA:1005,1
DA:1006,1
DA:1007,1
DA:1008,0
DA:1009,0
DA:1010,39
DA:1011,39
DA:1013,1
DA:1014,0
DA:1015,0
DA:1016,0
DA:1017,0
DA:1018,0
DA:1019,0
DA:1020,0
DA:1021,0
DA:1023,1
DA:1024,2
DA:1025,2
DA:1026,2
DA:1027,1
LF:987
LH:823
BRDA:18,0,0,48
BRDA:20,1,0,45
BRDA:109,2,0,1
BRDA:115,3,0,30
BRDA:116,4,0,1
BRDA:118,5,0,29
BRDA:128,6,0,1
BRDA:130,7,0,28
BRDA:137,8,0,4
BRDA:139,9,0,24
BRDA:162,10,0,5
BRDA:174,11,0,29
BRDA:176,12,0,1
BRDA:179,13,0,28
BRDA:182,14,0,0
BRDA:184,15,0,0
BRDA:187,16,0,28
BRDA:195,17,0,28
BRDA:199,18,0,25
BRDA:201,19,0,24
BRDA:204,20,0,1
BRDA:211,21,0,0
BRDA:217,22,0,3
BRDA:240,23,0,24
BRDA:256,24,0,24
BRDA:258,25,0,0
BRDA:260,26,0,0
BRDA:316,27,0,0
BRDA:279,28,0,6
BRDA:284,29,0,4
BRDA:284,30,0,4
BRDA:284,31,0,4
BRDA:292,32,0,2
BRDA:285,33,0,3
BRDA:297,34,0,6
BRDA:301,35,0,1
BRDA:324,36,0,24
BRDA:330,37,0,0
BRDA:340,38,0,0
BRDA:348,39,0,10
BRDA:349,40,0,1
BRDA:352,41,0,9
BRDA:354,42,0,1
BRDA:357,43,0,8
BRDA:366,44,0,0
BRDA:368,45,0,8
BRDA:371,46,0,5
BRDA:375,47,0,0
BRDA:389,48,0,8
BRDA:390,49,0,8
BRDA:406,50,0,0
BRDA:397,51,0,5
BRDA:416,52,0,3
BRDA:417,53,0,2
BRDA:420,54,0,1
BRDA:428,55,0,1
BRDA:435,56,0,0
BRDA:443,57,0,2
BRDA:446,58,0,2
BRDA:456,59,0,1
BRDA:463,60,0,1
BRDA:492,61,0,9
BRDA:497,62,0,1
BRDA:497,63,0,1
BRDA:499,64,0,8
BRDA:511,65,0,1
BRDA:514,66,0,7
BRDA:537,67,0,0
BRDA:501,68,0,8
BRDA:503,69,0,0
BRDA:507,70,0,8
BRDA:550,71,0,5
BRDA:558,72,0,1
BRDA:563,73,0,1
BRDA:568,74,0,0
BRDA:573,75,0,3
BRDA:578,76,0,0
BRDA:583,77,0,0
BRDA:588,78,0,0
BRDA:597,79,0,4
BRDA:597,80,0,4
BRDA:599,81,0,1
BRDA:615,82,0,5
BRDA:616,83,0,1
BRDA:621,84,0,4
BRDA:630,85,0,0
BRDA:630,86,0,4
BRDA:644,87,0,24
BRDA:645,88,0,0
BRDA:703,89,0,12
BRDA:704,90,0,1
BRDA:706,91,0,11
BRDA:711,92,0,297
BRDA:713,93,0,11
BRDA:731,94,0,25
BRDA:735,95,0,1
BRDA:742,96,0,0
BRDA:747,97,0,0
BRDA:757,98,0,48
BRDA:760,99,0,38
BRDA:760,100,0,10
BRDA:762,101,0,38
BRDA:762,102,0,36
BRDA:764,103,0,2
BRDA:766,104,0,0
BRDA:778,105,0,1
BRDA:779,106,0,0
BRDA:785,107,0,1
BRDA:800,108,0,4
BRDA:801,109,0,1
BRDA:801,110,0,3
BRDA:805,111,0,2
BRDA:806,112,0,2
BRDA:807,113,0,1
BRDA:807,114,0,2
BRDA:808,115,0,0
BRDA:808,116,0,3
BRDA:809,117,0,1
BRDA:822,118,0,1
BRDA:822,119,0,1
BRDA:830,120,0,3
BRDA:833,121,0,1
BRDA:813,122,0,15
BRDA:814,123,0,8
BRDA:841,124,0,6
BRDA:851,125,0,0
BRDA:861,126,0,6
BRDA:863,127,0,0
BRDA:873,128,0,4
BRDA:882,129,0,2
BRDA:882,130,0,0
BRDA:906,131,0,6
BRDA:957,132,0,24
BRDA:959,133,0,0
BRDA:967,134,0,8
BRDA:971,135,0,7
BRDA:975,136,0,4
BRDA:983,137,0,9
BRDA:984,138,0,4
BRDA:987,139,0,1
BRDA:993,140,0,16
BRDA:994,141,0,5
BRDA:997,142,0,0
BRDA:1003,143,0,39
BRDA:1004,144,0,1
BRDA:1007,145,0,0
BRDA:1023,146,0,2
BRF:147
BRH:116
end_of_record
